

================================================================
== Vivado HLS Report for 'hFilter'
================================================================
* Date:           Fri Mar 20 00:50:41 2020

* Version:        2017.2 (Build 1909853 on Thu Jun 15 18:55:24 MDT 2017)
* Project:        naive_median
* Solution:       solution1
* Product family: zynq
* Target device:  xc7z020clg400-1


================================================================
== Performance Estimates
================================================================
+ Timing (ns): 
    * Summary: 
    +--------+-------+----------+------------+
    |  Clock | Target| Estimated| Uncertainty|
    +--------+-------+----------+------------+
    |ap_clk  |   8.00|      7.00|        1.00|
    +--------+-------+----------+------------+

+ Latency (clock cycles): 
    * Summary: 
    +-----+-----+-----+-----+----------+
    |  Latency  |  Interval | Pipeline |
    | min | max | min | max |   Type   |
    +-----+-----+-----+-----+----------+
    |   65|   65|   28|   28| function |
    +-----+-----+-----+-----+----------+

    + Detail: 
        * Instance: 
        +-------------------------+--------------+-----+-----+-----+-----+----------+
        |                         |              |  Latency  |  Interval | Pipeline |
        |         Instance        |    Module    | min | max | min | max |   Type   |
        +-------------------------+--------------+-----+-----+-----+-----+----------+
        |grp_runFilter_fu_125     |runFilter     |   61|   61|   28|   28| function |
        |grp_updateWindow_fu_149  |updateWindow  |    4|    4|    5|    5| function |
        +-------------------------+--------------+-----+-----+-----+-----+----------+

        * Loop: 
        N/A



================================================================
== Utilization Estimates
================================================================
* Summary: 
+-----------------+---------+-------+--------+-------+
|       Name      | BRAM_18K| DSP48E|   FF   |  LUT  |
+-----------------+---------+-------+--------+-------+
|DSP              |        -|      -|       -|      -|
|Expression       |        -|      -|     101|     73|
|FIFO             |        -|      -|       -|      -|
|Instance         |        6|      -|    3698|   4166|
|Memory           |        -|      -|       -|      -|
|Multiplexer      |        -|      -|       -|    160|
|Register         |        -|      -|     352|      -|
+-----------------+---------+-------+--------+-------+
|Total            |        6|      0|    4151|   4399|
+-----------------+---------+-------+--------+-------+
|Available        |      280|    220|  106400|  53200|
+-----------------+---------+-------+--------+-------+
|Utilization (%)  |        2|      0|       3|      8|
+-----------------+---------+-------+--------+-------+

+ Detail: 
    * Instance: 
    +-------------------------+--------------+---------+-------+------+------+
    |         Instance        |    Module    | BRAM_18K| DSP48E|  FF  |  LUT |
    +-------------------------+--------------+---------+-------+------+------+
    |grp_runFilter_fu_125     |runFilter     |        2|      0|  2405|  3072|
    |grp_updateWindow_fu_149  |updateWindow  |        4|      0|  1293|  1094|
    +-------------------------+--------------+---------+-------+------+------+
    |Total                    |              |        6|      0|  3698|  4166|
    +-------------------------+--------------+---------+-------+------+------+

    * DSP48: 
    N/A

    * Memory: 
    N/A

    * FIFO: 
    N/A

    * Expression: 
    +----------------------------------+----------+-------+-----+----+------------+------------+
    |           Variable Name          | Operation| DSP48E|  FF | LUT| Bitwidth P0| Bitwidth P1|
    +----------------------------------+----------+-------+-----+----+------------+------------+
    |tmp_fu_295_p2                     |     +    |      0|  101|  37|          32|           1|
    |ap_block_pp0_stage0_flag00011001  |    and   |      0|    0|   2|           1|           1|
    |storemerge_fu_301_p3              |  select  |      0|    0|  32|           1|           1|
    |ap_enable_pp0                     |    xor   |      0|    0|   2|           1|           2|
    +----------------------------------+----------+-------+-----+----+------------+------------+
    |Total                             |          |      0|  101|  73|          35|           5|
    +----------------------------------+----------+-------+-----+----+------------+------------+

    * Multiplexer: 
    +----------------------------------+-----+-----------+-----+-----------+
    |               Name               | LUT | Input Size| Bits| Total Bits|
    +----------------------------------+-----+-----------+-----+-----------+
    |ap_NS_fsm                         |  133|         29|    1|         29|
    |ap_enable_reg_pp0_iter0           |    9|          2|    1|          2|
    |ap_enable_reg_pp0_iter2           |    9|          2|    1|          2|
    |grp_updateWindow_fu_149_ap_start  |    9|          2|    1|          2|
    +----------------------------------+-----+-----------+-----+-----------+
    |Total                             |  160|         35|    4|         35|
    +----------------------------------+-----+-----------+-----+-----------+

    * Register: 
    +--------------------------------------+----+----+-----+-----------+
    |                 Name                 | FF | LUT| Bits| Const Bits|
    +--------------------------------------+----+----+-----+-----------+
    |ap_CS_fsm                             |  28|   0|   28|          0|
    |ap_enable_reg_pp0_iter0_reg           |   1|   0|    1|          0|
    |ap_enable_reg_pp0_iter1               |   1|   0|    1|          0|
    |ap_enable_reg_pp0_iter2               |   1|   0|    1|          0|
    |ap_reg_grp_runFilter_fu_125_ap_start  |   1|   0|    1|          0|
    |copy_window_1_V_0_0                   |  16|   0|   16|          0|
    |copy_window_1_V_0_1                   |  16|   0|   16|          0|
    |copy_window_1_V_0_2                   |  16|   0|   16|          0|
    |copy_window_1_V_1_0                   |  16|   0|   16|          0|
    |copy_window_1_V_1_1                   |  16|   0|   16|          0|
    |copy_window_1_V_1_2                   |  16|   0|   16|          0|
    |copy_window_1_V_2_0                   |  16|   0|   16|          0|
    |copy_window_1_V_2_1                   |  16|   0|   16|          0|
    |copy_window_1_V_2_2                   |  16|   0|   16|          0|
    |copy_window_2_V_0_0                   |  16|   0|   16|          0|
    |copy_window_2_V_0_1                   |  16|   0|   16|          0|
    |copy_window_2_V_0_2                   |  16|   0|   16|          0|
    |copy_window_2_V_1_0                   |  16|   0|   16|          0|
    |copy_window_2_V_1_1                   |  16|   0|   16|          0|
    |copy_window_2_V_1_2                   |  16|   0|   16|          0|
    |copy_window_2_V_2_0                   |  16|   0|   16|          0|
    |copy_window_2_V_2_1                   |  16|   0|   16|          0|
    |copy_window_2_V_2_2                   |  16|   0|   16|          0|
    |n                                     |  32|   0|   32|          0|
    +--------------------------------------+----+----+-----+-----------+
    |Total                                 | 352|   0|  352|          0|
    +--------------------------------------+----+----+-----+-----------+



================================================================
== Interface
================================================================
* Summary: 
+---------------------------+-----+-----+------------+-----------------------+--------------+
|         RTL Ports         | Dir | Bits|  Protocol  |     Source Object     |    C Type    |
+---------------------------+-----+-----+------------+-----------------------+--------------+
|ap_clk                     |  in |    1| ap_ctrl_hs |        hFilter        | return value |
|ap_rst                     |  in |    1| ap_ctrl_hs |        hFilter        | return value |
|ap_start                   |  in |    1| ap_ctrl_hs |        hFilter        | return value |
|ap_done                    | out |    1| ap_ctrl_hs |        hFilter        | return value |
|ap_idle                    | out |    1| ap_ctrl_hs |        hFilter        | return value |
|ap_ready                   | out |    1| ap_ctrl_hs |        hFilter        | return value |
|In_Pixel_data_v_V          |  in |   16|   ap_none  |   In_Pixel_data_v_V   |    scalar    |
|In_Pixel_data_gray_V       |  in |   11|   ap_none  |  In_Pixel_data_gray_V |    scalar    |
|In_Pixel_user_V            |  in |    1|   ap_none  |    In_Pixel_user_V    |    scalar    |
|In_Pixel_last_V            |  in |    1|   ap_none  |    In_Pixel_last_V    |    scalar    |
|Out_Image_data_v_V         | out |   16|   ap_vld   |   Out_Image_data_v_V  |    pointer   |
|Out_Image_data_v_V_ap_vld  | out |    1|   ap_vld   |   Out_Image_data_v_V  |    pointer   |
|Out_Image_data_gray_V      |  in |   11|   ap_none  | Out_Image_data_gray_V |    pointer   |
|Out_Image_user_V           |  in |    1|   ap_none  |    Out_Image_user_V   |    pointer   |
|Out_Image_last_V           |  in |    1|   ap_none  |    Out_Image_last_V   |    pointer   |
+---------------------------+-----+-----+------------+-----------------------+--------------+

