

================================================================
== Vivado HLS Report for 'hFilter'
================================================================
* Date:           Fri Mar 20 00:45:03 2020

* Version:        2017.2 (Build 1909853 on Thu Jun 15 18:55:24 MDT 2017)
* Project:        naive_median
* Solution:       solution1
* Product family: zynq
* Target device:  xc7z020clg400-1


================================================================
== Performance Estimates
================================================================
+ Timing (ns): 
    * Summary: 
    +--------+-------+----------+------------+
    |  Clock | Target| Estimated| Uncertainty|
    +--------+-------+----------+------------+
    |ap_clk  |   8.00|      6.78|        1.00|
    +--------+-------+----------+------------+

+ Latency (clock cycles): 
    * Summary: 
    +-----+-----+-----+-----+---------+
    |  Latency  |  Interval | Pipeline|
    | min | max | min | max |   Type  |
    +-----+-----+-----+-----+---------+
    |  177|  435|  178|  436|   none  |
    +-----+-----+-----+-----+---------+

    + Detail: 
        * Instance: 
        +---------------------------+----------------+-----+-----+-----+-----+---------+
        |                           |                |  Latency  |  Interval | Pipeline|
        |          Instance         |     Module     | min | max | min | max |   Type  |
        +---------------------------+----------------+-----+-----+-----+-----+---------+
        |grp_sortWindow_fu_89       |sortWindow      |   67|  195|   67|  195|   none  |
        |grp_updateWindow_fu_95     |updateWindow    |    2|    4|    2|    4|   none  |
        |grp_findDiffWindow_fu_116  |findDiffWindow  |   34|   34|   34|   34|   none  |
        +---------------------------+----------------+-----+-----+-----+-----+---------+

        * Loop: 
        N/A



================================================================
== Utilization Estimates
================================================================
* Summary: 
+-----------------+---------+-------+--------+-------+
|       Name      | BRAM_18K| DSP48E|   FF   |  LUT  |
+-----------------+---------+-------+--------+-------+
|DSP              |        -|      -|       -|      -|
|Expression       |        -|      -|     293|    199|
|FIFO             |        -|      -|       -|      -|
|Instance         |        5|      -|     607|    825|
|Memory           |        2|      -|      32|      3|
|Multiplexer      |        -|      -|       -|    218|
|Register         |        -|      -|     160|      -|
+-----------------+---------+-------+--------+-------+
|Total            |        7|      0|    1092|   1245|
+-----------------+---------+-------+--------+-------+
|Available        |      280|    220|  106400|  53200|
+-----------------+---------+-------+--------+-------+
|Utilization (%)  |        2|      0|       1|      2|
+-----------------+---------+-------+--------+-------+

+ Detail: 
    * Instance: 
    +---------------------------+----------------+---------+-------+-----+-----+
    |          Instance         |     Module     | BRAM_18K| DSP48E|  FF | LUT |
    +---------------------------+----------------+---------+-------+-----+-----+
    |grp_findDiffWindow_fu_116  |findDiffWindow  |        0|      0|  207|  155|
    |grp_sortWindow_fu_89       |sortWindow      |        0|      0|  342|  287|
    |grp_updateWindow_fu_95     |updateWindow    |        5|      0|   58|  383|
    +---------------------------+----------------+---------+-------+-----+-----+
    |Total                      |                |        5|      0|  607|  825|
    +---------------------------+----------------+---------+-------+-----+-----+

    * DSP48: 
    N/A

    * Memory: 
    +-------------------+----------------------+---------+----+----+------+-----+------+-------------+
    |       Memory      |        Module        | BRAM_18K| FF | LUT| Words| Bits| Banks| W*Bits*Banks|
    +-------------------+----------------------+---------+----+----+------+-----+------+-------------+
    |diff_window_V_U    |sortWindow_temp_1_V   |        0|  32|   3|     9|   16|     1|          144|
    |copy_window_1_V_U  |updateWindow_WinddEe  |        1|   0|   0|     9|   16|     1|          144|
    |copy_window_2_V_U  |updateWindow_WinddEe  |        1|   0|   0|     9|   16|     1|          144|
    +-------------------+----------------------+---------+----+----+------+-----+------+-------------+
    |Total              |                      |        2|  32|   3|    27|   48|     3|          432|
    +-------------------+----------------------+---------+----+----+------+-----+------+-------------+

    * FIFO: 
    N/A

    * Expression: 
    +------------------------+----------+-------+-----+----+------------+------------+
    |      Variable Name     | Operation| DSP48E|  FF | LUT| Bitwidth P0| Bitwidth P1|
    +------------------------+----------+-------+-----+----+------------+------------+
    |r_V_fu_186_p2           |     +    |      0|   86|  32|          27|          27|
    |tmp_fu_130_p2           |     +    |      0|  101|  37|          32|           1|
    |p_Val2_5_i_i_fu_154_p2  |     -    |      0|   53|  21|          16|          16|
    |p_Val2_6_i_i_fu_158_p2  |     -    |      0|   53|  21|          16|          16|
    |tmp_3_i_i_fu_209_p2     |   icmp   |      0|    0|  16|          27|          27|
    |tmp_i_i_fu_150_p2       |   icmp   |      0|    0|   8|          16|          16|
    |Out_Image_data_v_V      |  select  |      0|    0|  16|           1|          16|
    |storemerge_fu_136_p3    |  select  |      0|    0|  32|           1|           1|
    |tmp_s_fu_192_p3         |  select  |      0|    0|  16|           1|          16|
    +------------------------+----------+-------+-----+----+------------+------------+
    |Total                   |          |      0|  293| 199|         137|         136|
    +------------------------+----------+-------+-----+----+------------+------------+

    * Multiplexer: 
    +----------------------------------------+----+-----------+-----+-----------+
    |                  Name                  | LUT| Input Size| Bits| Total Bits|
    +----------------------------------------+----+-----------+-----+-----------+
    |ap_NS_fsm                               |  50|          9|    1|          9|
    |copy_window_1_V_address0                |  15|          3|    4|         12|
    |copy_window_1_V_ce0                     |  15|          3|    1|          3|
    |copy_window_1_V_ce1                     |   9|          2|    1|          2|
    |copy_window_1_V_we0                     |   9|          2|    1|          2|
    |copy_window_1_V_we1                     |   9|          2|    1|          2|
    |copy_window_2_V_address0                |  15|          3|    4|         12|
    |copy_window_2_V_ce0                     |  15|          3|    1|          3|
    |copy_window_2_V_ce1                     |   9|          2|    1|          2|
    |copy_window_2_V_we0                     |   9|          2|    1|          2|
    |copy_window_2_V_we1                     |   9|          2|    1|          2|
    |diff_window_V_address0                  |  15|          3|    4|         12|
    |diff_window_V_ce0                       |  15|          3|    1|          3|
    |diff_window_V_we0                       |   9|          2|    1|          2|
    |grp_sortWindow_fu_89_Input_Window_V_q0  |  15|          3|   16|         48|
    +----------------------------------------+----+-----------+-----+-----------+
    |Total                                   | 218|         44|   39|        116|
    +----------------------------------------+----+-----------+-----+-----------+

    * Register: 
    +-------------------------------------------+----+----+-----+-----------+
    |                    Name                   | FF | LUT| Bits| Const Bits|
    +-------------------------------------------+----+----+-----+-----------+
    |ap_CS_fsm                                  |   8|   0|    8|          0|
    |ap_reg_grp_findDiffWindow_fu_116_ap_start  |   1|   0|    1|          0|
    |ap_reg_grp_sortWindow_fu_89_ap_start       |   1|   0|    1|          0|
    |ap_reg_grp_updateWindow_fu_95_ap_start     |   1|   0|    1|          0|
    |center_V_reg_231                           |  16|   0|   16|          0|
    |median_1_V_reg_239                         |  16|   0|   16|          0|
    |n                                          |  32|   0|   32|          0|
    |p_Val2_5_i_i_reg_253                       |  16|   0|   16|          0|
    |p_Val2_6_i_i_reg_258                       |  16|   0|   16|          0|
    |r_V_reg_263                                |  20|   0|   27|          7|
    |tmp_i_i_reg_248                            |   1|   0|    1|          0|
    |x_reg_226                                  |  32|   0|   32|          0|
    +-------------------------------------------+----+----+-----+-----------+
    |Total                                      | 160|   0|  167|          7|
    +-------------------------------------------+----+----+-----+-----------+



================================================================
== Interface
================================================================
* Summary: 
+---------------------------+-----+-----+------------+-----------------------+--------------+
|         RTL Ports         | Dir | Bits|  Protocol  |     Source Object     |    C Type    |
+---------------------------+-----+-----+------------+-----------------------+--------------+
|ap_clk                     |  in |    1| ap_ctrl_hs |        hFilter        | return value |
|ap_rst                     |  in |    1| ap_ctrl_hs |        hFilter        | return value |
|ap_start                   |  in |    1| ap_ctrl_hs |        hFilter        | return value |
|ap_done                    | out |    1| ap_ctrl_hs |        hFilter        | return value |
|ap_idle                    | out |    1| ap_ctrl_hs |        hFilter        | return value |
|ap_ready                   | out |    1| ap_ctrl_hs |        hFilter        | return value |
|In_Pixel_data_v_V          |  in |   16|   ap_none  |   In_Pixel_data_v_V   |    scalar    |
|In_Pixel_data_gray_V       |  in |   11|   ap_none  |  In_Pixel_data_gray_V |    scalar    |
|In_Pixel_user_V            |  in |    1|   ap_none  |    In_Pixel_user_V    |    scalar    |
|In_Pixel_last_V            |  in |    1|   ap_none  |    In_Pixel_last_V    |    scalar    |
|Out_Image_data_v_V         | out |   16|   ap_vld   |   Out_Image_data_v_V  |    pointer   |
|Out_Image_data_v_V_ap_vld  | out |    1|   ap_vld   |   Out_Image_data_v_V  |    pointer   |
|Out_Image_data_gray_V      |  in |   11|   ap_none  | Out_Image_data_gray_V |    pointer   |
|Out_Image_user_V           |  in |    1|   ap_none  |    Out_Image_user_V   |    pointer   |
|Out_Image_last_V           |  in |    1|   ap_none  |    Out_Image_last_V   |    pointer   |
+---------------------------+-----+-----+------------+-----------------------+--------------+

