

================================================================
== Vivado HLS Report for 'hFilter'
================================================================
* Date:           Thu Mar 19 23:39:08 2020

* Version:        2019.1 (Build 2552052 on Fri May 24 15:28:33 MDT 2019)
* Project:        hls
* Solution:       baseline
* Product family: zynq
* Target device:  xc7z020-clg400-1


================================================================
== Performance Estimates
================================================================
+ Timing (ns): 
    * Summary: 
    +--------+-------+----------+------------+
    |  Clock | Target| Estimated| Uncertainty|
    +--------+-------+----------+------------+
    |ap_clk  |   8.00|     6.972|        1.00|
    +--------+-------+----------+------------+

+ Latency (clock cycles): 
    * Summary: 
    +-----+-----+-----+-----+---------+
    |  Latency  |  Interval | Pipeline|
    | min | max | min | max |   Type  |
    +-----+-----+-----+-----+---------+
    |  141|  181|  141|  181|   none  |
    +-----+-----+-----+-----+---------+

    + Detail: 
        * Instance: 
        +-------------------------+--------------+-----+-----+-----+-----+---------+
        |                         |              |  Latency  |  Interval | Pipeline|
        |         Instance        |    Module    | min | max | min | max |   Type  |
        +-------------------------+--------------+-----+-----+-----+-----+---------+
        |grp_getStdev_fu_142      |getStdev      |  109|  109|  109|  109|   none  |
        |grp_updateWindow_fu_149  |updateWindow  |    1|   41|    1|   41|   none  |
        +-------------------------+--------------+-----+-----+-----+-----+---------+

        * Loop: 
        +-------------+-----+-----+----------+-----------+-----------+------+----------+
        |             |  Latency  | Iteration|  Initiation Interval  | Trip |          |
        |  Loop Name  | min | max |  Latency |  achieved |   target  | Count| Pipelined|
        +-------------+-----+-----+----------+-----------+-----------+------+----------+
        |- Loop 1     |   24|   24|         8|          -|          -|     3|    no    |
        | + Loop 1.1  |    6|    6|         2|          -|          -|     3|    no    |
        +-------------+-----+-----+----------+-----------+-----------+------+----------+



================================================================
== Utilization Estimates
================================================================
* Summary: 
+-----------------+---------+-------+--------+-------+-----+
|       Name      | BRAM_18K| DSP48E|   FF   |  LUT  | URAM|
+-----------------+---------+-------+--------+-------+-----+
|DSP              |        -|      -|       -|      -|    -|
|Expression       |        -|      -|       0|    467|    -|
|FIFO             |        -|      -|       -|      -|    -|
|Instance         |        -|     14|    6560|   6030|    -|
|Memory           |        2|      -|       0|      0|    0|
|Multiplexer      |        -|      -|       -|    191|    -|
|Register         |        -|      -|     296|      -|    -|
+-----------------+---------+-------+--------+-------+-----+
|Total            |        2|     14|    6856|   6688|    0|
+-----------------+---------+-------+--------+-------+-----+
|Available        |      280|    220|  106400|  53200|    0|
+-----------------+---------+-------+--------+-------+-----+
|Utilization (%)  |    ~0   |      6|       6|     12|    0|
+-----------------+---------+-------+--------+-------+-----+

+ Detail: 
    * Instance: 
    +--------------------------+----------------------+---------+-------+------+------+-----+
    |         Instance         |        Module        | BRAM_18K| DSP48E|  FF  |  LUT | URAM|
    +--------------------------+----------------------+---------+-------+------+------+-----+
    |grp_getStdev_fu_142       |getStdev              |        0|      2|  4089|  4066|    0|
    |hFilter_mul_32s_3jbC_U24  |hFilter_mul_32s_3jbC  |        0|      4|   173|    54|    0|
    |grp_updateWindow_fu_149   |updateWindow          |        0|      8|  2298|  1910|    0|
    +--------------------------+----------------------+---------+-------+------+------+-----+
    |Total                     |                      |        0|     14|  6560|  6030|    0|
    +--------------------------+----------------------+---------+-------+------+------+-----+

    * DSP48E: 
    N/A

    * Memory: 
    +-----------------+------------------+---------+---+----+-----+------+-----+------+-------------+
    |      Memory     |      Module      | BRAM_18K| FF| LUT| URAM| Words| Bits| Banks| W*Bits*Banks|
    +-----------------+------------------+---------+---+----+-----+------+-----+------+-------------+
    |Window_V_U       |hFilter_Window_V  |        1|  0|   0|    0|     9|   16|     1|          144|
    |copy_window_V_U  |hFilter_Window_V  |        1|  0|   0|    0|     9|   16|     1|          144|
    +-----------------+------------------+---------+---+----+-----+------+-----+------+-------------+
    |Total            |                  |        2|  0|   0|    0|    18|   32|     2|          288|
    +-----------------+------------------+---------+---+----+-----+------+-----+------+-------------+

    * FIFO: 
    N/A

    * Expression: 
    +-------------------------+----------+-------+---+----+------------+------------+
    |      Variable Name      | Operation| DSP48E| FF| LUT| Bitwidth P0| Bitwidth P1|
    +-------------------------+----------+-------+---+----+------------+------------+
    |add_ln1265_fu_259_p2     |     +    |      0|  0|  15|           5|           5|
    |add_ln131_fu_225_p2      |     +    |      0|  0|  39|          32|           1|
    |i_fu_179_p2              |     +    |      0|  0|  10|           2|           1|
    |j_fu_249_p2              |     +    |      0|  0|  10|           2|           1|
    |mean_V_fu_281_p2         |     +    |      0|  0|  39|          32|          32|
    |r_V_fu_393_p2            |     -    |      0|  0|  26|          19|          19|
    |sub_ln1148_1_fu_327_p2   |     -    |      0|  0|  39|           1|          32|
    |sub_ln1148_fu_302_p2     |     -    |      0|  0|  72|           1|          65|
    |sub_ln1265_fu_201_p2     |     -    |      0|  0|  15|           5|           5|
    |sub_ln356_1_fu_367_p2    |     -    |      0|  0|  23|          16|          16|
    |sub_ln356_fu_363_p2      |     -    |      0|  0|  23|          16|          16|
    |icmp_ln1496_fu_359_p2    |   icmp   |      0|  0|  13|          16|          16|
    |icmp_ln1497_fu_403_p2    |   icmp   |      0|  0|  18|          19|          19|
    |icmp_ln50_fu_173_p2      |   icmp   |      0|  0|   8|           2|           2|
    |icmp_ln52_fu_243_p2      |   icmp   |      0|  0|   8|           2|           2|
    |Out_Image_data_v_V       |  select  |      0|  0|  16|           1|          16|
    |diff_center_V_fu_371_p3  |  select  |      0|  0|  16|           1|          16|
    |p_Val2_1_fu_353_p3       |  select  |      0|  0|  16|           1|          16|
    |select_ln1148_fu_317_p3  |  select  |      0|  0|  29|           1|          29|
    |select_ln128_fu_230_p3   |  select  |      0|  0|  32|           1|           1|
    +-------------------------+----------+-------+---+----+------------+------------+
    |Total                    |          |      0|  0| 467|         175|         310|
    +-------------------------+----------+-------+---+----+------------+------------+

    * Multiplexer: 
    +------------------------+----+-----------+-----+-----------+
    |          Name          | LUT| Input Size| Bits| Total Bits|
    +------------------------+----+-----------+-----+-----------+
    |Window_V_address0       |  15|          3|    4|         12|
    |Window_V_ce0            |  15|          3|    1|          3|
    |Window_V_ce1            |   9|          2|    1|          2|
    |Window_V_we0            |   9|          2|    1|          2|
    |Window_V_we1            |   9|          2|    1|          2|
    |ap_NS_fsm               |  50|         11|    1|         11|
    |copy_window_V_address0  |  15|          3|    4|         12|
    |copy_window_V_ce0       |  15|          3|    1|          3|
    |copy_window_V_ce1       |   9|          2|    1|          2|
    |copy_window_V_we0       |   9|          2|    1|          2|
    |copy_window_V_we1       |   9|          2|    1|          2|
    |i_0_i_reg_120           |   9|          2|    2|          4|
    |j_0_i_reg_131           |   9|          2|    2|          4|
    |t_V_fu_84               |   9|          2|   32|         64|
    +------------------------+----+-----------+-----+-----------+
    |Total                   | 191|         41|   53|        125|
    +------------------------+----+-----------+-----+-----------+

    * Register: 
    +--------------------------------------+----+----+-----+-----------+
    |                 Name                 | FF | LUT| Bits| Const Bits|
    +--------------------------------------+----+----+-----+-----------+
    |ap_CS_fsm                             |  10|   0|   10|          0|
    |center_V_reg_439                      |  16|   0|   16|          0|
    |grp_getStdev_fu_142_ap_start_reg      |   1|   0|    1|          0|
    |grp_updateWindow_fu_149_ap_start_reg  |   1|   0|    1|          0|
    |i_0_i_reg_120                         |   2|   0|    2|          0|
    |i_reg_450                             |   2|   0|    2|          0|
    |j_0_i_reg_131                         |   2|   0|    2|          0|
    |j_reg_474                             |   2|   0|    2|          0|
    |mul_ln1148_reg_484                    |  65|   0|   65|          0|
    |n                                     |  32|   0|   32|          0|
    |n_load_reg_428                        |  32|   0|   32|          0|
    |p_Val2_1_reg_504                      |  16|   0|   16|          0|
    |stdev_V_reg_513                       |  16|   0|   16|          0|
    |sub_ln1265_reg_455                    |   5|   0|    5|          0|
    |t_V_fu_84                             |  32|   0|   32|          0|
    |tmp_1_reg_499                         |  16|   0|   16|          0|
    |tmp_7_reg_489                         |  29|   0|   29|          0|
    |tmp_reg_465                           |   1|   0|    1|          0|
    |tmp_s_reg_494                         |  16|   0|   16|          0|
    +--------------------------------------+----+----+-----+-----------+
    |Total                                 | 296|   0|  296|          0|
    +--------------------------------------+----+----+-----+-----------+



================================================================
== Interface
================================================================
* Summary: 
+---------------------------+-----+-----+------------+-----------------------+--------------+
|         RTL Ports         | Dir | Bits|  Protocol  |     Source Object     |    C Type    |
+---------------------------+-----+-----+------------+-----------------------+--------------+
|ap_clk                     |  in |    1| ap_ctrl_hs |        hFilter        | return value |
|ap_rst                     |  in |    1| ap_ctrl_hs |        hFilter        | return value |
|ap_start                   |  in |    1| ap_ctrl_hs |        hFilter        | return value |
|ap_done                    | out |    1| ap_ctrl_hs |        hFilter        | return value |
|ap_idle                    | out |    1| ap_ctrl_hs |        hFilter        | return value |
|ap_ready                   | out |    1| ap_ctrl_hs |        hFilter        | return value |
|In_Pixel_data_v_V          |  in |   16|   ap_none  |   In_Pixel_data_v_V   |    scalar    |
|In_Pixel_data_gray_V       |  in |   11|   ap_none  |  In_Pixel_data_gray_V |    scalar    |
|In_Pixel_user_V            |  in |    1|   ap_none  |    In_Pixel_user_V    |    scalar    |
|In_Pixel_last_V            |  in |    1|   ap_none  |    In_Pixel_last_V    |    scalar    |
|Out_Image_data_v_V         | out |   16|   ap_vld   |   Out_Image_data_v_V  |    pointer   |
|Out_Image_data_v_V_ap_vld  | out |    1|   ap_vld   |   Out_Image_data_v_V  |    pointer   |
|Out_Image_data_gray_V      |  in |   11|   ap_none  | Out_Image_data_gray_V |    pointer   |
|Out_Image_user_V           |  in |    1|   ap_none  |    Out_Image_user_V   |    pointer   |
|Out_Image_last_V           |  in |    1|   ap_none  |    Out_Image_last_V   |    pointer   |
+---------------------------+-----+-----+------------+-----------------------+--------------+

