

================================================================
== Vivado HLS Report for 'hFilter'
================================================================
* Date:           Thu Mar 19 23:40:19 2020

* Version:        2019.1 (Build 2552052 on Fri May 24 15:28:33 MDT 2019)
* Project:        hls
* Solution:       lut
* Product family: virtex7
* Target device:  xc7vx485t-ffg1157-1


================================================================
== Performance Estimates
================================================================
+ Timing (ns): 
    * Summary: 
    +--------+-------+----------+------------+
    |  Clock | Target| Estimated| Uncertainty|
    +--------+-------+----------+------------+
    |ap_clk  |   8.00|     6.711|        1.00|
    +--------+-------+----------+------------+

+ Latency (clock cycles): 
    * Summary: 
    +-----+-----+-----+-----+---------+
    |  Latency  |  Interval | Pipeline|
    | min | max | min | max |   Type  |
    +-----+-----+-----+-----+---------+
    |  110|  112|  110|  112|   none  |
    +-----+-----+-----+-----+---------+

    + Detail: 
        * Instance: 
        +-------------------------+--------------+-----+-----+-----+-----+---------+
        |                         |              |  Latency  |  Interval | Pipeline|
        |         Instance        |    Module    | min | max | min | max |   Type  |
        +-------------------------+--------------+-----+-----+-----+-----+---------+
        |grp_getStdev_fu_150      |getStdev      |   80|   80|   80|   80|   none  |
        |grp_updateWindow_fu_157  |updateWindow  |    1|    3|    1|    3|   none  |
        +-------------------------+--------------+-----+-----+-----+-----+---------+

        * Loop: 
        +-------------+-----+-----+----------+-----------+-----------+------+----------+
        |             |  Latency  | Iteration|  Initiation Interval  | Trip |          |
        |  Loop Name  | min | max |  Latency |  achieved |   target  | Count| Pipelined|
        +-------------+-----+-----+----------+-----------+-----------+------+----------+
        |- Loop 1     |   24|   24|         8|          -|          -|     3|    no    |
        | + Loop 1.1  |    6|    6|         2|          -|          -|     3|    no    |
        +-------------+-----+-----+----------+-----------+-----------+------+----------+



================================================================
== Utilization Estimates
================================================================
* Summary: 
+-----------------+---------+-------+--------+--------+-----+
|       Name      | BRAM_18K| DSP48E|   FF   |   LUT  | URAM|
+-----------------+---------+-------+--------+--------+-----+
|DSP              |        -|      -|       -|       -|    -|
|Expression       |        -|      4|       0|     489|    -|
|FIFO             |        -|      -|       -|       -|    -|
|Instance         |        4|      2|    2444|    3980|    -|
|Memory           |        2|      -|       0|       0|    0|
|Multiplexer      |        -|      -|       -|     185|    -|
|Register         |        -|      -|     244|       -|    -|
+-----------------+---------+-------+--------+--------+-----+
|Total            |        6|      6|    2688|    4654|    0|
+-----------------+---------+-------+--------+--------+-----+
|Available        |     2060|   2800|  607200|  303600|    0|
+-----------------+---------+-------+--------+--------+-----+
|Utilization (%)  |    ~0   |   ~0  |   ~0   |       1|    0|
+-----------------+---------+-------+--------+--------+-----+

+ Detail: 
    * Instance: 
    +-------------------------+--------------+---------+-------+------+------+-----+
    |         Instance        |    Module    | BRAM_18K| DSP48E|  FF  |  LUT | URAM|
    +-------------------------+--------------+---------+-------+------+------+-----+
    |grp_getStdev_fu_150      |getStdev      |        0|      2|  2399|  3661|    0|
    |grp_updateWindow_fu_157  |updateWindow  |        4|      0|    45|   319|    0|
    +-------------------------+--------------+---------+-------+------+------+-----+
    |Total                    |              |        4|      2|  2444|  3980|    0|
    +-------------------------+--------------+---------+-------+------+------+-----+

    * DSP48E: 
    N/A

    * Memory: 
    +-----------------+------------------+---------+---+----+-----+------+-----+------+-------------+
    |      Memory     |      Module      | BRAM_18K| FF| LUT| URAM| Words| Bits| Banks| W*Bits*Banks|
    +-----------------+------------------+---------+---+----+-----+------+-----+------+-------------+
    |Window_V_U       |hFilter_Window_V  |        1|  0|   0|    0|     9|   16|     1|          144|
    |copy_window_V_U  |hFilter_Window_V  |        1|  0|   0|    0|     9|   16|     1|          144|
    +-----------------+------------------+---------+---+----+-----+------+-----+------+-------------+
    |Total            |                  |        2|  0|   0|    0|    18|   32|     2|          288|
    +-----------------+------------------+---------+---+----+-----+------+-----+------+-------------+

    * FIFO: 
    N/A

    * Expression: 
    +-------------------------+----------+-------+---+----+------------+------------+
    |      Variable Name      | Operation| DSP48E| FF| LUT| Bitwidth P0| Bitwidth P1|
    +-------------------------+----------+-------+---+----+------------+------------+
    |mul_ln1148_fu_227_p2     |     *    |      4|  0|  22|          32|          33|
    |add_ln1265_fu_285_p2     |     +    |      0|  0|  15|           5|           5|
    |add_ln131_fu_251_p2      |     +    |      0|  0|  39|          32|           1|
    |i_fu_195_p2              |     +    |      0|  0|  10|           2|           1|
    |j_fu_275_p2              |     +    |      0|  0|  10|           2|           1|
    |mean_V_fu_307_p2         |     +    |      0|  0|  39|          32|          32|
    |r_V_fu_413_p2            |     -    |      0|  0|  26|          19|          19|
    |sub_ln1148_1_fu_343_p2   |     -    |      0|  0|  39|           1|          32|
    |sub_ln1148_fu_318_p2     |     -    |      0|  0|  72|           1|          65|
    |sub_ln1265_fu_217_p2     |     -    |      0|  0|  15|           5|           5|
    |sub_ln356_1_fu_385_p2    |     -    |      0|  0|  23|          16|          16|
    |sub_ln356_fu_381_p2      |     -    |      0|  0|  23|          16|          16|
    |icmp_ln1496_fu_377_p2    |   icmp   |      0|  0|  13|          16|          16|
    |icmp_ln1497_fu_423_p2    |   icmp   |      0|  0|  18|          19|          19|
    |icmp_ln50_fu_189_p2      |   icmp   |      0|  0|   8|           2|           2|
    |icmp_ln52_fu_269_p2      |   icmp   |      0|  0|   8|           2|           2|
    |Out_Image_data_v_V       |  select  |      0|  0|  16|           1|          16|
    |diff_center_V_fu_389_p3  |  select  |      0|  0|  16|           1|          16|
    |p_Val2_1_fu_369_p3       |  select  |      0|  0|  16|           1|          16|
    |select_ln1148_fu_333_p3  |  select  |      0|  0|  29|           1|          29|
    |select_ln128_fu_256_p3   |  select  |      0|  0|  32|           1|           1|
    +-------------------------+----------+-------+---+----+------------+------------+
    |Total                    |          |      4|  0| 489|         207|         343|
    +-------------------------+----------+-------+---+----+------------+------------+

    * Multiplexer: 
    +------------------------+----+-----------+-----+-----------+
    |          Name          | LUT| Input Size| Bits| Total Bits|
    +------------------------+----+-----------+-----+-----------+
    |Window_V_address0       |  15|          3|    4|         12|
    |Window_V_ce0            |  15|          3|    1|          3|
    |Window_V_ce1            |   9|          2|    1|          2|
    |Window_V_we0            |   9|          2|    1|          2|
    |Window_V_we1            |   9|          2|    1|          2|
    |ap_NS_fsm               |  44|          9|    1|          9|
    |copy_window_V_address0  |  15|          3|    4|         12|
    |copy_window_V_ce0       |  15|          3|    1|          3|
    |copy_window_V_ce1       |   9|          2|    1|          2|
    |copy_window_V_we0       |   9|          2|    1|          2|
    |copy_window_V_we1       |   9|          2|    1|          2|
    |i_0_i_reg_128           |   9|          2|    2|          4|
    |j_0_i_reg_139           |   9|          2|    2|          4|
    |t_V_fu_92               |   9|          2|   32|         64|
    +------------------------+----+-----------+-----+-----------+
    |Total                   | 185|         39|   53|        123|
    +------------------------+----+-----------+-----+-----------+

    * Register: 
    +--------------------------------------+----+----+-----+-----------+
    |                 Name                 | FF | LUT| Bits| Const Bits|
    +--------------------------------------+----+----+-----+-----------+
    |ap_CS_fsm                             |   8|   0|    8|          0|
    |center_V_reg_458                      |  16|   0|   16|          0|
    |grp_getStdev_fu_150_ap_start_reg      |   1|   0|    1|          0|
    |grp_updateWindow_fu_157_ap_start_reg  |   1|   0|    1|          0|
    |i_0_i_reg_128                         |   2|   0|    2|          0|
    |i_reg_469                             |   2|   0|    2|          0|
    |icmp_ln1497_reg_517                   |   1|   0|    1|          0|
    |j_0_i_reg_139                         |   2|   0|    2|          0|
    |j_reg_498                             |   2|   0|    2|          0|
    |mul_ln1148_reg_479                    |  62|   0|   65|          3|
    |n                                     |  32|   0|   32|          0|
    |n_load_reg_447                        |  32|   0|   32|          0|
    |p_Val2_1_reg_508                      |  16|   0|   16|          0|
    |sub_ln1265_reg_474                    |   5|   0|    5|          0|
    |t_V_fu_92                             |  32|   0|   32|          0|
    |tmp_2_reg_490                         |  29|   0|   29|          0|
    |tmp_reg_484                           |   1|   0|    1|          0|
    +--------------------------------------+----+----+-----+-----------+
    |Total                                 | 244|   0|  247|          3|
    +--------------------------------------+----+----+-----+-----------+



================================================================
== Interface
================================================================
* Summary: 
+---------------------------+-----+-----+------------+-----------------------+--------------+
|         RTL Ports         | Dir | Bits|  Protocol  |     Source Object     |    C Type    |
+---------------------------+-----+-----+------------+-----------------------+--------------+
|ap_clk                     |  in |    1| ap_ctrl_hs |        hFilter        | return value |
|ap_rst                     |  in |    1| ap_ctrl_hs |        hFilter        | return value |
|ap_start                   |  in |    1| ap_ctrl_hs |        hFilter        | return value |
|ap_done                    | out |    1| ap_ctrl_hs |        hFilter        | return value |
|ap_idle                    | out |    1| ap_ctrl_hs |        hFilter        | return value |
|ap_ready                   | out |    1| ap_ctrl_hs |        hFilter        | return value |
|In_Pixel_data_v_V          |  in |   16|   ap_none  |   In_Pixel_data_v_V   |    scalar    |
|In_Pixel_data_gray_V       |  in |   11|   ap_none  |  In_Pixel_data_gray_V |    scalar    |
|In_Pixel_user_V            |  in |    1|   ap_none  |    In_Pixel_user_V    |    scalar    |
|In_Pixel_last_V            |  in |    1|   ap_none  |    In_Pixel_last_V    |    scalar    |
|Out_Image_data_v_V         | out |   16|   ap_vld   |   Out_Image_data_v_V  |    pointer   |
|Out_Image_data_v_V_ap_vld  | out |    1|   ap_vld   |   Out_Image_data_v_V  |    pointer   |
|Out_Image_data_gray_V      |  in |   11|   ap_none  | Out_Image_data_gray_V |    pointer   |
|Out_Image_user_V           |  in |    1|   ap_none  |    Out_Image_user_V   |    pointer   |
|Out_Image_last_V           |  in |    1|   ap_none  |    Out_Image_last_V   |    pointer   |
+---------------------------+-----+-----+------------+-----------------------+--------------+

