

================================================================
== Vivado HLS Report for 'hFilter'
================================================================
* Date:           Thu Mar 19 18:48:54 2020

* Version:        2017.2 (Build 1909853 on Thu Jun 15 18:55:24 MDT 2017)
* Project:        Final_Median_Filter
* Solution:       solution1
* Product family: zynq
* Target device:  xc7z020clg400-1


================================================================
== Performance Estimates
================================================================
+ Timing (ns): 
    * Summary: 
    +--------+-------+----------+------------+
    |  Clock | Target| Estimated| Uncertainty|
    +--------+-------+----------+------------+
    |ap_clk  |   8.00|      6.91|        1.00|
    +--------+-------+----------+------------+

+ Latency (clock cycles): 
    * Summary: 
    +-----+-----+-----+-----+---------+
    |  Latency  |  Interval | Pipeline|
    | min | max | min | max |   Type  |
    +-----+-----+-----+-----+---------+
    |  150|  188|  151|  189|   none  |
    +-----+-----+-----+-----+---------+

    + Detail: 
        * Instance: 
        +---------------------------+----------------+-----+-----+-----+-----+---------+
        |                           |                |  Latency  |  Interval | Pipeline|
        |          Instance         |     Module     | min | max | min | max |   Type  |
        +---------------------------+----------------+-----+-----+-----+-----+---------+
        |grp_updateWindow_fu_81     |updateWindow    |   40|   78|   40|   78|   none  |
        |grp_sortWindow_fu_94       |sortWindow      |   31|   31|   31|   31|   none  |
        |grp_findDiffWindow_fu_100  |findDiffWindow  |   34|   34|   34|   34|   none  |
        +---------------------------+----------------+-----+-----+-----+-----+---------+

        * Loop: 
        N/A



================================================================
== Utilization Estimates
================================================================
* Summary: 
+-----------------+---------+-------+--------+-------+
|       Name      | BRAM_18K| DSP48E|   FF   |  LUT  |
+-----------------+---------+-------+--------+-------+
|DSP              |        -|      -|       -|      -|
|Expression       |        -|      -|     293|    967|
|FIFO             |        -|      -|       -|      -|
|Instance         |        1|      8|    4273|   3234|
|Memory           |        2|      -|      32|      3|
|Multiplexer      |        -|      -|       -|    278|
|Register         |        -|      -|     447|      -|
+-----------------+---------+-------+--------+-------+
|Total            |        3|      8|    5045|   4482|
+-----------------+---------+-------+--------+-------+
|Available        |      280|    220|  106400|  53200|
+-----------------+---------+-------+--------+-------+
|Utilization (%)  |        1|      3|       4|      8|
+-----------------+---------+-------+--------+-------+

+ Detail: 
    * Instance: 
    +---------------------------+----------------+---------+-------+------+------+
    |          Instance         |     Module     | BRAM_18K| DSP48E|  FF  |  LUT |
    +---------------------------+----------------+---------+-------+------+------+
    |grp_findDiffWindow_fu_100  |findDiffWindow  |        0|      0|   207|   155|
    |grp_sortWindow_fu_94       |sortWindow      |        0|      0|  1039|   905|
    |grp_updateWindow_fu_81     |updateWindow    |        1|      8|  3027|  2174|
    +---------------------------+----------------+---------+-------+------+------+
    |Total                      |                |        1|      8|  4273|  3234|
    +---------------------------+----------------+---------+-------+------+------+

    * DSP48: 
    N/A

    * Memory: 
    +-------------------+----------------------+---------+----+----+------+-----+------+-------------+
    |       Memory      |        Module        | BRAM_18K| FF | LUT| Words| Bits| Banks| W*Bits*Banks|
    +-------------------+----------------------+---------+----+----+------+-----+------+-------------+
    |copy_window_1_V_U  |hFilter_copy_windfYi  |        1|   0|   0|     9|   16|     1|          144|
    |copy_window_2_V_U  |hFilter_copy_windg8j  |        1|   0|   0|     9|   16|     1|          144|
    |diff_window_V_U    |hFilter_diff_windhbi  |        0|  32|   3|     9|   16|     1|          144|
    +-------------------+----------------------+---------+----+----+------+-----+------+-------------+
    |Total              |                      |        2|  32|   3|    27|   48|     3|          432|
    +-------------------+----------------------+---------+----+----+------+-----+------+-------------+

    * FIFO: 
    N/A

    * Expression: 
    +----------------------------------+----------+-------+-----+----+------------+------------+
    |           Variable Name          | Operation| DSP48E|  FF | LUT| Bitwidth P0| Bitwidth P1|
    +----------------------------------+----------+-------+-----+----+------------+------------+
    |r_V_fu_620_p2                     |     +    |      0|   86|  32|          27|          27|
    |tmp_fu_257_p2                     |     +    |      0|  101|  37|          32|           1|
    |p_Val2_5_i_i_fu_590_p2            |     -    |      0|   53|  21|          16|          16|
    |p_Val2_6_i_i_fu_594_p2            |     -    |      0|   53|  21|          16|          16|
    |grp_fu_144_p2                     |   icmp   |      0|    0|   8|          16|          16|
    |grp_fu_150_p2                     |   icmp   |      0|    0|   8|          16|          16|
    |grp_fu_156_p2                     |   icmp   |      0|    0|   8|          16|          16|
    |grp_fu_162_p2                     |   icmp   |      0|    0|   8|          16|          16|
    |grp_fu_168_p2                     |   icmp   |      0|    0|   8|          16|          16|
    |grp_fu_174_p2                     |   icmp   |      0|    0|   8|          16|          16|
    |grp_fu_216_p2                     |   icmp   |      0|    0|   8|          16|          16|
    |grp_fu_222_p2                     |   icmp   |      0|    0|   8|          16|          16|
    |grp_fu_228_p2                     |   icmp   |      0|    0|   8|          16|          16|
    |grp_fu_234_p2                     |   icmp   |      0|    0|   8|          16|          16|
    |grp_fu_240_p2                     |   icmp   |      0|    0|   8|          16|          16|
    |grp_fu_246_p2                     |   icmp   |      0|    0|   8|          16|          16|
    |tmp_4_i_i_fu_646_p2               |   icmp   |      0|    0|  16|          27|          27|
    |tmp_5_i5_i1_fu_533_p2             |   icmp   |      0|    0|   8|          16|          16|
    |tmp_5_i5_i_fu_378_p2              |   icmp   |      0|    0|   8|          16|          16|
    |tmp_6_i6_i1_fu_537_p2             |   icmp   |      0|    0|   8|          16|          16|
    |tmp_6_i6_i_fu_382_p2              |   icmp   |      0|    0|   8|          16|          16|
    |tmp_7_i9_i1_fu_557_p2             |   icmp   |      0|    0|   8|          16|          16|
    |tmp_7_i9_i_fu_402_p2              |   icmp   |      0|    0|   8|          16|          16|
    |tmp_8_i10_i1_fu_561_p2            |   icmp   |      0|    0|   8|          16|          16|
    |tmp_8_i10_i_fu_406_p2             |   icmp   |      0|    0|   8|          16|          16|
    |tmp_9_i12_i1_fu_548_p2            |   icmp   |      0|    0|   8|          16|          16|
    |tmp_9_i12_i_fu_393_p2             |   icmp   |      0|    0|   8|          16|          16|
    |tmp_i3_i1_6_fu_523_p2             |   icmp   |      0|    0|   8|          16|          16|
    |tmp_i3_i_5_fu_368_p2              |   icmp   |      0|    0|   8|          16|          16|
    |tmp_i_i_fu_586_p2                 |   icmp   |      0|    0|   8|          16|          16|
    |Input_1_V_Input_2_V_1_fu_372_p3   |  select  |      0|    0|  16|           1|          16|
    |Input_1_V_Input_2_V_2_fu_432_p3   |  select  |      0|    0|  16|           1|          16|
    |Input_1_V_Input_2_V_3_fu_527_p3   |  select  |      0|    0|  16|           1|          16|
    |Input_1_V_Input_2_V_s_fu_277_p3   |  select  |      0|    0|  16|           1|          16|
    |Input_3_V_Input_1_V_1_fu_353_p3   |  select  |      0|    0|  16|           1|          16|
    |Input_3_V_Input_1_V_2_fu_456_p3   |  select  |      0|    0|  16|           1|          16|
    |Input_3_V_Input_1_V_3_fu_508_p3   |  select  |      0|    0|  16|           1|          16|
    |Input_3_V_Input_1_V_s_fu_301_p3   |  select  |      0|    0|  16|           1|          16|
    |Med_V_2_Input_3_V_i7_1_fu_541_p3  |  select  |      0|    0|  16|           1|          16|
    |Med_V_2_Input_3_V_i7_fu_386_p3    |  select  |      0|    0|  16|           1|          16|
    |Med_V_2_Input_3_V_i_1_fu_440_p3   |  select  |      0|    0|  16|           1|          16|
    |Med_V_2_Input_3_V_i_s_fu_285_p3   |  select  |      0|    0|  16|           1|          16|
    |Med_V_5_Input_2_V_i1_1_fu_565_p3  |  select  |      0|    0|  16|           1|          16|
    |Med_V_5_Input_2_V_i1_fu_410_p3    |  select  |      0|    0|  16|           1|          16|
    |Med_V_5_Input_2_V_i_1_fu_477_p3   |  select  |      0|    0|  16|           1|          16|
    |Med_V_5_Input_2_V_i_s_fu_322_p3   |  select  |      0|    0|  16|           1|          16|
    |Med_V_5_Input_3_V_i1_1_fu_572_p3  |  select  |      0|    0|  16|           1|          16|
    |Med_V_5_Input_3_V_i1_fu_417_p3    |  select  |      0|    0|  16|           1|          16|
    |Med_V_5_Input_3_V_i_1_fu_485_p3   |  select  |      0|    0|  16|           1|          16|
    |Med_V_5_Input_3_V_i_s_fu_330_p3   |  select  |      0|    0|  16|           1|          16|
    |Med_V_5_i8_i1_fu_552_p3           |  select  |      0|    0|  16|           1|          16|
    |Med_V_5_i8_i_fu_397_p3            |  select  |      0|    0|  16|           1|          16|
    |Med_V_5_i_i1_fu_471_p3            |  select  |      0|    0|  16|           1|          16|
    |Med_V_5_i_i_fu_316_p3             |  select  |      0|    0|  16|           1|          16|
    |Out_Image_data_v_V                |  select  |      0|    0|  16|           1|          16|
    |max_V_1_fu_515_p3                 |  select  |      0|    0|  16|           1|          16|
    |max_V_fu_360_p3                   |  select  |      0|    0|  16|           1|          16|
    |med_V_1_fu_492_p3                 |  select  |      0|    0|  16|           1|          16|
    |med_V_fu_337_p3                   |  select  |      0|    0|  16|           1|          16|
    |median_2_V_fu_578_p3              |  select  |      0|    0|  16|           1|          16|
    |min_V_1_fu_463_p3                 |  select  |      0|    0|  16|           1|          16|
    |min_V_fu_308_p3                   |  select  |      0|    0|  16|           1|          16|
    |p_Val2_s_fu_423_p3                |  select  |      0|    0|  16|           1|          16|
    |ssdm_int_V_write_ass_1_fu_345_p3  |  select  |      0|    0|  16|           1|          16|
    |ssdm_int_V_write_ass_2_fu_448_p3  |  select  |      0|    0|  16|           1|          16|
    |ssdm_int_V_write_ass_3_fu_500_p3  |  select  |      0|    0|  16|           1|          16|
    |ssdm_int_V_write_ass_fu_293_p3    |  select  |      0|    0|  16|           1|          16|
    |storemerge_fu_263_p3              |  select  |      0|    0|  32|           1|           1|
    |tmp_s_fu_626_p3                   |  select  |      0|    0|  16|           1|          16|
    +----------------------------------+----------+-------+-----+----+------------+------------+
    |Total                             |          |      0|  293| 967|         557|        1096|
    +----------------------------------+----------+-------+-----+----+------------+------------+

    * Multiplexer: 
    +----------------------------------------+----+-----------+-----+-----------+
    |                  Name                  | LUT| Input Size| Bits| Total Bits|
    +----------------------------------------+----+-----------+-----+-----------+
    |ap_NS_fsm                               |  65|         16|    1|         16|
    |copy_window_1_V_address0                |  15|          3|    4|         12|
    |copy_window_1_V_address1                |  15|          3|    4|         12|
    |copy_window_1_V_ce0                     |  15|          3|    1|          3|
    |copy_window_1_V_ce1                     |  15|          3|    1|          3|
    |copy_window_1_V_we0                     |   9|          2|    1|          2|
    |copy_window_1_V_we1                     |   9|          2|    1|          2|
    |copy_window_2_V_address0                |  15|          3|    4|         12|
    |copy_window_2_V_ce0                     |  15|          3|    1|          3|
    |copy_window_2_V_ce1                     |   9|          2|    1|          2|
    |copy_window_2_V_we0                     |   9|          2|    1|          2|
    |copy_window_2_V_we1                     |   9|          2|    1|          2|
    |diff_window_V_address0                  |  15|          3|    4|         12|
    |diff_window_V_ce0                       |  15|          3|    1|          3|
    |diff_window_V_ce1                       |   9|          2|    1|          2|
    |diff_window_V_we0                       |   9|          2|    1|          2|
    |grp_sortWindow_fu_94_Input_Window_V_q0  |  15|          3|   16|         48|
    |grp_sortWindow_fu_94_Input_Window_V_q1  |  15|          3|   16|         48|
    +----------------------------------------+----+-----------+-----+-----------+
    |Total                                   | 278|         60|   60|        186|
    +----------------------------------------+----+-----------+-----+-----------+

    * Register: 
    +-------------------------------------------+----+----+-----+-----------+
    |                    Name                   | FF | LUT| Bits| Const Bits|
    +-------------------------------------------+----+----+-----+-----------+
    |Med_V_2_Input_3_V_i7_1_reg_815             |  16|   0|   16|          0|
    |Med_V_2_Input_3_V_i7_reg_736               |  16|   0|   16|          0|
    |Med_V_2_Input_3_V_i_1_reg_765              |  16|   0|   16|          0|
    |Med_V_2_Input_3_V_i_s_reg_686              |  16|   0|   16|          0|
    |ap_CS_fsm                                  |  15|   0|   15|          0|
    |ap_reg_grp_findDiffWindow_fu_100_ap_start  |   1|   0|    1|          0|
    |ap_reg_grp_sortWindow_fu_94_ap_start       |   1|   0|    1|          0|
    |ap_reg_grp_updateWindow_fu_81_ap_start     |   1|   0|    1|          0|
    |center_V_reg_668                           |  16|   0|   16|          0|
    |max_V_1_reg_800                            |  16|   0|   16|          0|
    |max_V_reg_721                              |  16|   0|   16|          0|
    |med_V_1_reg_790                            |  16|   0|   16|          0|
    |med_V_reg_711                              |  16|   0|   16|          0|
    |median_2_V_reg_825                         |  16|   0|   16|          0|
    |min_V_1_reg_780                            |  16|   0|   16|          0|
    |min_V_reg_701                              |  16|   0|   16|          0|
    |n                                          |  32|   0|   32|          0|
    |p_Val2_s_reg_746                           |  16|   0|   16|          0|
    |reg_180                                    |  16|   0|   16|          0|
    |reg_184                                    |  16|   0|   16|          0|
    |reg_188                                    |  16|   0|   16|          0|
    |reg_192                                    |  16|   0|   16|          0|
    |reg_196                                    |  16|   0|   16|          0|
    |reg_200                                    |  16|   0|   16|          0|
    |reg_204                                    |  16|   0|   16|          0|
    |reg_208                                    |  16|   0|   16|          0|
    |reg_212                                    |  16|   0|   16|          0|
    |tmp_1_i_i1_reg_775                         |   1|   0|    1|          0|
    |tmp_1_i_i_reg_696                          |   1|   0|    1|          0|
    |tmp_2_i_i3_reg_676                         |   1|   0|    1|          0|
    |tmp_2_i_i7_reg_755                         |   1|   0|    1|          0|
    |tmp_4_i_i_reg_831                          |   1|   0|    1|          0|
    |tmp_5_i5_i1_reg_810                        |   1|   0|    1|          0|
    |tmp_5_i5_i_reg_731                         |   1|   0|    1|          0|
    |tmp_5_i_i1_reg_760                         |   1|   0|    1|          0|
    |tmp_5_i_i_reg_681                          |   1|   0|    1|          0|
    |tmp_9_i12_i1_reg_820                       |   1|   0|    1|          0|
    |tmp_9_i12_i_reg_741                        |   1|   0|    1|          0|
    |tmp_9_i_i1_reg_770                         |   1|   0|    1|          0|
    |tmp_9_i_i_reg_691                          |   1|   0|    1|          0|
    |x_reg_663                                  |  32|   0|   32|          0|
    +-------------------------------------------+----+----+-----+-----------+
    |Total                                      | 447|   0|  447|          0|
    +-------------------------------------------+----+----+-----+-----------+



================================================================
== Interface
================================================================
* Summary: 
+---------------------------+-----+-----+------------+-----------------------+--------------+
|         RTL Ports         | Dir | Bits|  Protocol  |     Source Object     |    C Type    |
+---------------------------+-----+-----+------------+-----------------------+--------------+
|ap_clk                     |  in |    1| ap_ctrl_hs |        hFilter        | return value |
|ap_rst                     |  in |    1| ap_ctrl_hs |        hFilter        | return value |
|ap_start                   |  in |    1| ap_ctrl_hs |        hFilter        | return value |
|ap_done                    | out |    1| ap_ctrl_hs |        hFilter        | return value |
|ap_idle                    | out |    1| ap_ctrl_hs |        hFilter        | return value |
|ap_ready                   | out |    1| ap_ctrl_hs |        hFilter        | return value |
|In_Pixel_data_v_V          |  in |   16|   ap_none  |   In_Pixel_data_v_V   |    scalar    |
|In_Pixel_data_gray_V       |  in |   11|   ap_none  |  In_Pixel_data_gray_V |    scalar    |
|In_Pixel_user_V            |  in |    1|   ap_none  |    In_Pixel_user_V    |    scalar    |
|In_Pixel_last_V            |  in |    1|   ap_none  |    In_Pixel_last_V    |    scalar    |
|Out_Image_data_v_V         | out |   16|   ap_vld   |   Out_Image_data_v_V  |    pointer   |
|Out_Image_data_v_V_ap_vld  | out |    1|   ap_vld   |   Out_Image_data_v_V  |    pointer   |
|Out_Image_data_gray_V      |  in |   11|   ap_none  | Out_Image_data_gray_V |    pointer   |
|Out_Image_user_V           |  in |    1|   ap_none  |    Out_Image_user_V   |    pointer   |
|Out_Image_last_V           |  in |    1|   ap_none  |    Out_Image_last_V   |    pointer   |
+---------------------------+-----+-----+------------+-----------------------+--------------+

