

================================================================
== Vivado HLS Report for 'hFilter'
================================================================
* Date:           Thu Mar 19 19:31:13 2020

* Version:        2017.2 (Build 1909853 on Thu Jun 15 18:55:24 MDT 2017)
* Project:        Final_Median_Filter
* Solution:       solution1
* Product family: zynq
* Target device:  xc7z020clg400-1


================================================================
== Performance Estimates
================================================================
+ Timing (ns): 
    * Summary: 
    +--------+-------+----------+------------+
    |  Clock | Target| Estimated| Uncertainty|
    +--------+-------+----------+------------+
    |ap_clk  |   8.00|      6.78|        1.00|
    +--------+-------+----------+------------+

+ Latency (clock cycles): 
    * Summary: 
    +-----+-----+-----+-----+---------+
    |  Latency  |  Interval | Pipeline|
    | min | max | min | max |   Type  |
    +-----+-----+-----+-----+---------+
    |  111|  114|  112|  115|   none  |
    +-----+-----+-----+-----+---------+

    + Detail: 
        * Instance: 
        +---------------------------+----------------+-----+-----+-----+-----+---------+
        |                           |                |  Latency  |  Interval | Pipeline|
        |          Instance         |     Module     | min | max | min | max |   Type  |
        +---------------------------+----------------+-----+-----+-----+-----+---------+
        |grp_sortWindow_fu_87       |sortWindow      |   31|   31|   31|   31|   none  |
        |grp_updateWindow_fu_93     |updateWindow    |    1|    4|    1|    4|   none  |
        |grp_findDiffWindow_fu_112  |findDiffWindow  |   34|   34|   34|   34|   none  |
        +---------------------------+----------------+-----+-----+-----+-----+---------+

        * Loop: 
        N/A



================================================================
== Utilization Estimates
================================================================
* Summary: 
+-----------------+---------+-------+--------+-------+
|       Name      | BRAM_18K| DSP48E|   FF   |  LUT  |
+-----------------+---------+-------+--------+-------+
|DSP              |        -|      -|       -|      -|
|Expression       |        -|      -|     293|    967|
|FIFO             |        -|      -|       -|      -|
|Instance         |        4|      -|    1294|   1427|
|Memory           |        2|      -|      32|      3|
|Multiplexer      |        -|      -|       -|    278|
|Register         |        -|      -|     447|      -|
+-----------------+---------+-------+--------+-------+
|Total            |        6|      0|    2066|   2675|
+-----------------+---------+-------+--------+-------+
|Available        |      280|    220|  106400|  53200|
+-----------------+---------+-------+--------+-------+
|Utilization (%)  |        2|      0|       1|      5|
+-----------------+---------+-------+--------+-------+

+ Detail: 
    * Instance: 
    +---------------------------+----------------+---------+-------+------+-----+
    |          Instance         |     Module     | BRAM_18K| DSP48E|  FF  | LUT |
    +---------------------------+----------------+---------+-------+------+-----+
    |grp_findDiffWindow_fu_112  |findDiffWindow  |        0|      0|   207|  155|
    |grp_sortWindow_fu_87       |sortWindow      |        0|      0|  1039|  905|
    |grp_updateWindow_fu_93     |updateWindow    |        4|      0|    48|  367|
    +---------------------------+----------------+---------+-------+------+-----+
    |Total                      |                |        4|      0|  1294| 1427|
    +---------------------------+----------------+---------+-------+------+-----+

    * DSP48: 
    N/A

    * Memory: 
    +-------------------+----------------------+---------+----+----+------+-----+------+-------------+
    |       Memory      |        Module        | BRAM_18K| FF | LUT| Words| Bits| Banks| W*Bits*Banks|
    +-------------------+----------------------+---------+----+----+------+-----+------+-------------+
    |copy_window_1_V_U  |hFilter_copy_windfYi  |        1|   0|   0|     9|   16|     1|          144|
    |diff_window_V_U    |hFilter_diff_windhbi  |        0|  32|   3|     9|   16|     1|          144|
    |copy_window_2_V_U  |updateWindow_WinddEe  |        1|   0|   0|     9|   16|     1|          144|
    +-------------------+----------------------+---------+----+----+------+-----+------+-------------+
    |Total              |                      |        2|  32|   3|    27|   48|     3|          432|
    +-------------------+----------------------+---------+----+----+------+-----+------+-------------+

    * FIFO: 
    N/A

    * Expression: 
    +----------------------------------+----------+-------+-----+----+------------+------------+
    |           Variable Name          | Operation| DSP48E|  FF | LUT| Bitwidth P0| Bitwidth P1|
    +----------------------------------+----------+-------+-----+----+------------+------------+
    |r_V_fu_632_p2                     |     +    |      0|   86|  32|          27|          27|
    |tmp_fu_269_p2                     |     +    |      0|  101|  37|          32|           1|
    |p_Val2_5_i_i_fu_602_p2            |     -    |      0|   53|  21|          16|          16|
    |p_Val2_6_i_i_fu_606_p2            |     -    |      0|   53|  21|          16|          16|
    |grp_fu_156_p2                     |   icmp   |      0|    0|   8|          16|          16|
    |grp_fu_162_p2                     |   icmp   |      0|    0|   8|          16|          16|
    |grp_fu_168_p2                     |   icmp   |      0|    0|   8|          16|          16|
    |grp_fu_174_p2                     |   icmp   |      0|    0|   8|          16|          16|
    |grp_fu_180_p2                     |   icmp   |      0|    0|   8|          16|          16|
    |grp_fu_186_p2                     |   icmp   |      0|    0|   8|          16|          16|
    |grp_fu_228_p2                     |   icmp   |      0|    0|   8|          16|          16|
    |grp_fu_234_p2                     |   icmp   |      0|    0|   8|          16|          16|
    |grp_fu_240_p2                     |   icmp   |      0|    0|   8|          16|          16|
    |grp_fu_246_p2                     |   icmp   |      0|    0|   8|          16|          16|
    |grp_fu_252_p2                     |   icmp   |      0|    0|   8|          16|          16|
    |grp_fu_258_p2                     |   icmp   |      0|    0|   8|          16|          16|
    |tmp_3_i5_i1_fu_545_p2             |   icmp   |      0|    0|   8|          16|          16|
    |tmp_3_i5_i_fu_390_p2              |   icmp   |      0|    0|   8|          16|          16|
    |tmp_3_i_i_fu_658_p2               |   icmp   |      0|    0|  16|          27|          27|
    |tmp_4_i6_i1_fu_549_p2             |   icmp   |      0|    0|   8|          16|          16|
    |tmp_4_i6_i_fu_394_p2              |   icmp   |      0|    0|   8|          16|          16|
    |tmp_5_i9_i1_fu_569_p2             |   icmp   |      0|    0|   8|          16|          16|
    |tmp_5_i9_i_fu_414_p2              |   icmp   |      0|    0|   8|          16|          16|
    |tmp_6_i10_i1_fu_573_p2            |   icmp   |      0|    0|   8|          16|          16|
    |tmp_6_i10_i_fu_418_p2             |   icmp   |      0|    0|   8|          16|          16|
    |tmp_7_i12_i1_fu_560_p2            |   icmp   |      0|    0|   8|          16|          16|
    |tmp_7_i12_i_fu_405_p2             |   icmp   |      0|    0|   8|          16|          16|
    |tmp_i3_i1_fu_535_p2               |   icmp   |      0|    0|   8|          16|          16|
    |tmp_i3_i_fu_380_p2                |   icmp   |      0|    0|   8|          16|          16|
    |tmp_i_i_3_fu_598_p2               |   icmp   |      0|    0|   8|          16|          16|
    |Input_1_V_Input_2_V_1_fu_384_p3   |  select  |      0|    0|  16|           1|          16|
    |Input_1_V_Input_2_V_2_fu_444_p3   |  select  |      0|    0|  16|           1|          16|
    |Input_1_V_Input_2_V_3_fu_539_p3   |  select  |      0|    0|  16|           1|          16|
    |Input_1_V_Input_2_V_s_fu_289_p3   |  select  |      0|    0|  16|           1|          16|
    |Input_3_V_Input_1_V_1_fu_365_p3   |  select  |      0|    0|  16|           1|          16|
    |Input_3_V_Input_1_V_2_fu_468_p3   |  select  |      0|    0|  16|           1|          16|
    |Input_3_V_Input_1_V_3_fu_520_p3   |  select  |      0|    0|  16|           1|          16|
    |Input_3_V_Input_1_V_s_fu_313_p3   |  select  |      0|    0|  16|           1|          16|
    |Med_V_2_Input_3_V_i7_1_fu_553_p3  |  select  |      0|    0|  16|           1|          16|
    |Med_V_2_Input_3_V_i7_fu_398_p3    |  select  |      0|    0|  16|           1|          16|
    |Med_V_2_Input_3_V_i_1_fu_452_p3   |  select  |      0|    0|  16|           1|          16|
    |Med_V_2_Input_3_V_i_s_fu_297_p3   |  select  |      0|    0|  16|           1|          16|
    |Med_V_5_Input_2_V_i1_1_fu_577_p3  |  select  |      0|    0|  16|           1|          16|
    |Med_V_5_Input_2_V_i1_fu_422_p3    |  select  |      0|    0|  16|           1|          16|
    |Med_V_5_Input_2_V_i_1_fu_489_p3   |  select  |      0|    0|  16|           1|          16|
    |Med_V_5_Input_2_V_i_s_fu_334_p3   |  select  |      0|    0|  16|           1|          16|
    |Med_V_5_Input_3_V_i1_1_fu_584_p3  |  select  |      0|    0|  16|           1|          16|
    |Med_V_5_Input_3_V_i1_fu_429_p3    |  select  |      0|    0|  16|           1|          16|
    |Med_V_5_Input_3_V_i_1_fu_497_p3   |  select  |      0|    0|  16|           1|          16|
    |Med_V_5_Input_3_V_i_s_fu_342_p3   |  select  |      0|    0|  16|           1|          16|
    |Med_V_5_i8_i1_fu_564_p3           |  select  |      0|    0|  16|           1|          16|
    |Med_V_5_i8_i_fu_409_p3            |  select  |      0|    0|  16|           1|          16|
    |Med_V_5_i_i1_fu_483_p3            |  select  |      0|    0|  16|           1|          16|
    |Med_V_5_i_i_fu_328_p3             |  select  |      0|    0|  16|           1|          16|
    |Out_Image_data_v_V                |  select  |      0|    0|  16|           1|          16|
    |max_V_1_fu_527_p3                 |  select  |      0|    0|  16|           1|          16|
    |max_V_fu_372_p3                   |  select  |      0|    0|  16|           1|          16|
    |med_V_1_fu_504_p3                 |  select  |      0|    0|  16|           1|          16|
    |med_V_fu_349_p3                   |  select  |      0|    0|  16|           1|          16|
    |median_2_V_fu_590_p3              |  select  |      0|    0|  16|           1|          16|
    |min_V_1_fu_475_p3                 |  select  |      0|    0|  16|           1|          16|
    |min_V_fu_320_p3                   |  select  |      0|    0|  16|           1|          16|
    |p_Val2_s_fu_435_p3                |  select  |      0|    0|  16|           1|          16|
    |ssdm_int_V_write_ass_1_fu_357_p3  |  select  |      0|    0|  16|           1|          16|
    |ssdm_int_V_write_ass_2_fu_460_p3  |  select  |      0|    0|  16|           1|          16|
    |ssdm_int_V_write_ass_3_fu_512_p3  |  select  |      0|    0|  16|           1|          16|
    |ssdm_int_V_write_ass_fu_305_p3    |  select  |      0|    0|  16|           1|          16|
    |storemerge_fu_275_p3              |  select  |      0|    0|  32|           1|           1|
    |tmp_s_fu_638_p3                   |  select  |      0|    0|  16|           1|          16|
    +----------------------------------+----------+-------+-----+----+------------+------------+
    |Total                             |          |      0|  293| 967|         557|        1096|
    +----------------------------------+----------+-------+-----+----+------------+------------+

    * Multiplexer: 
    +----------------------------------------+----+-----------+-----+-----------+
    |                  Name                  | LUT| Input Size| Bits| Total Bits|
    +----------------------------------------+----+-----------+-----+-----------+
    |ap_NS_fsm                               |  65|         16|    1|         16|
    |copy_window_1_V_address0                |  15|          3|    4|         12|
    |copy_window_1_V_address1                |  15|          3|    4|         12|
    |copy_window_1_V_ce0                     |  15|          3|    1|          3|
    |copy_window_1_V_ce1                     |  15|          3|    1|          3|
    |copy_window_1_V_we0                     |   9|          2|    1|          2|
    |copy_window_1_V_we1                     |   9|          2|    1|          2|
    |copy_window_2_V_address0                |  15|          3|    4|         12|
    |copy_window_2_V_ce0                     |  15|          3|    1|          3|
    |copy_window_2_V_ce1                     |   9|          2|    1|          2|
    |copy_window_2_V_we0                     |   9|          2|    1|          2|
    |copy_window_2_V_we1                     |   9|          2|    1|          2|
    |diff_window_V_address0                  |  15|          3|    4|         12|
    |diff_window_V_ce0                       |  15|          3|    1|          3|
    |diff_window_V_ce1                       |   9|          2|    1|          2|
    |diff_window_V_we0                       |   9|          2|    1|          2|
    |grp_sortWindow_fu_87_Input_Window_V_q0  |  15|          3|   16|         48|
    |grp_sortWindow_fu_87_Input_Window_V_q1  |  15|          3|   16|         48|
    +----------------------------------------+----+-----------+-----+-----------+
    |Total                                   | 278|         60|   60|        186|
    +----------------------------------------+----+-----------+-----+-----------+

    * Register: 
    +-------------------------------------------+----+----+-----+-----------+
    |                    Name                   | FF | LUT| Bits| Const Bits|
    +-------------------------------------------+----+----+-----+-----------+
    |Med_V_2_Input_3_V_i7_1_reg_827             |  16|   0|   16|          0|
    |Med_V_2_Input_3_V_i7_reg_748               |  16|   0|   16|          0|
    |Med_V_2_Input_3_V_i_1_reg_777              |  16|   0|   16|          0|
    |Med_V_2_Input_3_V_i_s_reg_698              |  16|   0|   16|          0|
    |ap_CS_fsm                                  |  15|   0|   15|          0|
    |ap_reg_grp_findDiffWindow_fu_112_ap_start  |   1|   0|    1|          0|
    |ap_reg_grp_sortWindow_fu_87_ap_start       |   1|   0|    1|          0|
    |ap_reg_grp_updateWindow_fu_93_ap_start     |   1|   0|    1|          0|
    |center_V_reg_680                           |  16|   0|   16|          0|
    |max_V_1_reg_812                            |  16|   0|   16|          0|
    |max_V_reg_733                              |  16|   0|   16|          0|
    |med_V_1_reg_802                            |  16|   0|   16|          0|
    |med_V_reg_723                              |  16|   0|   16|          0|
    |median_2_V_reg_837                         |  16|   0|   16|          0|
    |min_V_1_reg_792                            |  16|   0|   16|          0|
    |min_V_reg_713                              |  16|   0|   16|          0|
    |n                                          |  32|   0|   32|          0|
    |p_Val2_s_reg_758                           |  16|   0|   16|          0|
    |reg_192                                    |  16|   0|   16|          0|
    |reg_196                                    |  16|   0|   16|          0|
    |reg_200                                    |  16|   0|   16|          0|
    |reg_204                                    |  16|   0|   16|          0|
    |reg_208                                    |  16|   0|   16|          0|
    |reg_212                                    |  16|   0|   16|          0|
    |reg_216                                    |  16|   0|   16|          0|
    |reg_220                                    |  16|   0|   16|          0|
    |reg_224                                    |  16|   0|   16|          0|
    |tmp_3_i5_i1_reg_822                        |   1|   0|    1|          0|
    |tmp_3_i5_i_reg_743                         |   1|   0|    1|          0|
    |tmp_3_i_i1_reg_772                         |   1|   0|    1|          0|
    |tmp_3_i_i2_reg_693                         |   1|   0|    1|          0|
    |tmp_3_i_i_reg_843                          |   1|   0|    1|          0|
    |tmp_7_i12_i1_reg_832                       |   1|   0|    1|          0|
    |tmp_7_i12_i_reg_753                        |   1|   0|    1|          0|
    |tmp_7_i_i1_reg_782                         |   1|   0|    1|          0|
    |tmp_7_i_i_reg_703                          |   1|   0|    1|          0|
    |tmp_8_i2_i1_reg_787                        |   1|   0|    1|          0|
    |tmp_8_i2_i_reg_708                         |   1|   0|    1|          0|
    |tmp_9_i_i7_reg_767                         |   1|   0|    1|          0|
    |tmp_9_i_i_reg_688                          |   1|   0|    1|          0|
    |x_reg_675                                  |  32|   0|   32|          0|
    +-------------------------------------------+----+----+-----+-----------+
    |Total                                      | 447|   0|  447|          0|
    +-------------------------------------------+----+----+-----+-----------+



================================================================
== Interface
================================================================
* Summary: 
+---------------------------+-----+-----+------------+-----------------------+--------------+
|         RTL Ports         | Dir | Bits|  Protocol  |     Source Object     |    C Type    |
+---------------------------+-----+-----+------------+-----------------------+--------------+
|ap_clk                     |  in |    1| ap_ctrl_hs |        hFilter        | return value |
|ap_rst                     |  in |    1| ap_ctrl_hs |        hFilter        | return value |
|ap_start                   |  in |    1| ap_ctrl_hs |        hFilter        | return value |
|ap_done                    | out |    1| ap_ctrl_hs |        hFilter        | return value |
|ap_idle                    | out |    1| ap_ctrl_hs |        hFilter        | return value |
|ap_ready                   | out |    1| ap_ctrl_hs |        hFilter        | return value |
|In_Pixel_data_v_V          |  in |   16|   ap_none  |   In_Pixel_data_v_V   |    scalar    |
|In_Pixel_data_gray_V       |  in |   11|   ap_none  |  In_Pixel_data_gray_V |    scalar    |
|In_Pixel_user_V            |  in |    1|   ap_none  |    In_Pixel_user_V    |    scalar    |
|In_Pixel_last_V            |  in |    1|   ap_none  |    In_Pixel_last_V    |    scalar    |
|Out_Image_data_v_V         | out |   16|   ap_vld   |   Out_Image_data_v_V  |    pointer   |
|Out_Image_data_v_V_ap_vld  | out |    1|   ap_vld   |   Out_Image_data_v_V  |    pointer   |
|Out_Image_data_gray_V      |  in |   11|   ap_none  | Out_Image_data_gray_V |    pointer   |
|Out_Image_user_V           |  in |    1|   ap_none  |    Out_Image_user_V   |    pointer   |
|Out_Image_last_V           |  in |    1|   ap_none  |    Out_Image_last_V   |    pointer   |
+---------------------------+-----+-----+------------+-----------------------+--------------+

