

================================================================
== Vivado HLS Report for 'hFilter'
================================================================
* Date:           Thu Mar 19 23:10:02 2020

* Version:        2017.2 (Build 1909853 on Thu Jun 15 18:55:24 MDT 2017)
* Project:        Median_Opt2
* Solution:       solution2
* Product family: zynq
* Target device:  xc7z020clg400-1


================================================================
== Performance Estimates
================================================================
+ Timing (ns): 
    * Summary: 
    +--------+-------+----------+------------+
    |  Clock | Target| Estimated| Uncertainty|
    +--------+-------+----------+------------+
    |ap_clk  |   8.00|      6.28|        1.00|
    +--------+-------+----------+------------+

+ Latency (clock cycles): 
    * Summary: 
    +-----+-----+-----+-----+----------+
    |  Latency  |  Interval | Pipeline |
    | min | max | min | max |   Type   |
    +-----+-----+-----+-----+----------+
    |   23|   23|    5|    5| function |
    +-----+-----+-----+-----+----------+

    + Detail: 
        * Instance: 
        +-------------------------+--------------+-----+-----+-----+-----+----------+
        |                         |              |  Latency  |  Interval | Pipeline |
        |         Instance        |    Module    | min | max | min | max |   Type   |
        +-------------------------+--------------+-----+-----+-----+-----+----------+
        |grp_runFilter_fu_123     |runFilter     |   18|   18|    1|    1| function |
        |grp_updateWindow_fu_147  |updateWindow  |    4|    4|    1|    1| function |
        +-------------------------+--------------+-----+-----+-----+-----+----------+

        * Loop: 
        N/A



================================================================
== Utilization Estimates
================================================================
* Summary: 
+-----------------+---------+-------+--------+-------+
|       Name      | BRAM_18K| DSP48E|   FF   |  LUT  |
+-----------------+---------+-------+--------+-------+
|DSP              |        -|      -|       -|      -|
|Expression       |        -|      -|     101|     73|
|FIFO             |        -|      -|       -|      -|
|Instance         |        3|      -|    6362|   4478|
|Memory           |        -|      -|       -|      -|
|Multiplexer      |        -|      -|       -|     60|
|Register         |        -|      -|     634|      -|
+-----------------+---------+-------+--------+-------+
|Total            |        3|      0|    7097|   4611|
+-----------------+---------+-------+--------+-------+
|Available        |      280|    220|  106400|  53200|
+-----------------+---------+-------+--------+-------+
|Utilization (%)  |        1|      0|       6|      8|
+-----------------+---------+-------+--------+-------+

+ Detail: 
    * Instance: 
    +-------------------------+--------------+---------+-------+------+------+
    |         Instance        |    Module    | BRAM_18K| DSP48E|  FF  |  LUT |
    +-------------------------+--------------+---------+-------+------+------+
    |grp_runFilter_fu_123     |runFilter     |        0|      0|  3679|  2644|
    |grp_updateWindow_fu_147  |updateWindow  |        3|      0|  2683|  1834|
    +-------------------------+--------------+---------+-------+------+------+
    |Total                    |              |        3|      0|  6362|  4478|
    +-------------------------+--------------+---------+-------+------+------+

    * DSP48: 
    N/A

    * Memory: 
    N/A

    * FIFO: 
    N/A

    * Expression: 
    +----------------------------------+----------+-------+-----+----+------------+------------+
    |           Variable Name          | Operation| DSP48E|  FF | LUT| Bitwidth P0| Bitwidth P1|
    +----------------------------------+----------+-------+-----+----+------------+------------+
    |tmp_fu_291_p2                     |     +    |      0|  101|  37|          32|           1|
    |ap_block_pp0_stage0_flag00011001  |    and   |      0|    0|   2|           1|           1|
    |storemerge_fu_297_p3              |  select  |      0|    0|  32|           1|           1|
    |ap_enable_pp0                     |    xor   |      0|    0|   2|           1|           2|
    +----------------------------------+----------+-------+-----+----+------------+------------+
    |Total                             |          |      0|  101|  73|          35|           5|
    +----------------------------------+----------+-------+-----+----+------------+------------+

    * Multiplexer: 
    +----------------------------------+----+-----------+-----+-----------+
    |               Name               | LUT| Input Size| Bits| Total Bits|
    +----------------------------------+----+-----------+-----+-----------+
    |ap_NS_fsm                         |  33|          6|    1|          6|
    |ap_enable_reg_pp0_iter0           |   9|          2|    1|          2|
    |ap_enable_reg_pp0_iter4           |   9|          2|    1|          2|
    |grp_updateWindow_fu_147_ap_start  |   9|          2|    1|          2|
    +----------------------------------+----+-----------+-----+-----------+
    |Total                             |  60|         12|    4|         12|
    +----------------------------------+----+-----------+-----+-----------+

    * Register: 
    +-------------------------------+----+----+-----+-----------+
    |              Name             | FF | LUT| Bits| Const Bits|
    +-------------------------------+----+----+-----+-----------+
    |ap_CS_fsm                      |   5|   0|    5|          0|
    |ap_enable_reg_pp0_iter0_reg    |   1|   0|    1|          0|
    |ap_enable_reg_pp0_iter1        |   1|   0|    1|          0|
    |ap_enable_reg_pp0_iter2        |   1|   0|    1|          0|
    |ap_enable_reg_pp0_iter3        |   1|   0|    1|          0|
    |ap_enable_reg_pp0_iter4        |   1|   0|    1|          0|
    |center_V_reg_495               |  16|   0|   16|          0|
    |copy_window_1_V_0_0            |  16|   0|   16|          0|
    |copy_window_1_V_0_0_1_reg_500  |  16|   0|   16|          0|
    |copy_window_1_V_0_1            |  16|   0|   16|          0|
    |copy_window_1_V_0_1_1_reg_505  |  16|   0|   16|          0|
    |copy_window_1_V_0_2            |  16|   0|   16|          0|
    |copy_window_1_V_0_2_1_reg_510  |  16|   0|   16|          0|
    |copy_window_1_V_1_0            |  16|   0|   16|          0|
    |copy_window_1_V_1_0_1_reg_515  |  16|   0|   16|          0|
    |copy_window_1_V_1_1            |  16|   0|   16|          0|
    |copy_window_1_V_1_1_1_reg_520  |  16|   0|   16|          0|
    |copy_window_1_V_1_2            |  16|   0|   16|          0|
    |copy_window_1_V_1_2_1_reg_525  |  16|   0|   16|          0|
    |copy_window_1_V_2_0            |  16|   0|   16|          0|
    |copy_window_1_V_2_0_1_reg_530  |  16|   0|   16|          0|
    |copy_window_1_V_2_1            |  16|   0|   16|          0|
    |copy_window_1_V_2_1_1_reg_535  |  16|   0|   16|          0|
    |copy_window_1_V_2_2            |  16|   0|   16|          0|
    |copy_window_1_V_2_2_1_reg_540  |  16|   0|   16|          0|
    |copy_window_2_V_0_0            |  16|   0|   16|          0|
    |copy_window_2_V_0_0_1_reg_545  |  16|   0|   16|          0|
    |copy_window_2_V_0_1            |  16|   0|   16|          0|
    |copy_window_2_V_0_1_1_reg_550  |  16|   0|   16|          0|
    |copy_window_2_V_0_2            |  16|   0|   16|          0|
    |copy_window_2_V_0_2_1_reg_555  |  16|   0|   16|          0|
    |copy_window_2_V_1_0            |  16|   0|   16|          0|
    |copy_window_2_V_1_0_1_reg_560  |  16|   0|   16|          0|
    |copy_window_2_V_1_1            |  16|   0|   16|          0|
    |copy_window_2_V_1_1_1_reg_565  |  16|   0|   16|          0|
    |copy_window_2_V_1_2            |  16|   0|   16|          0|
    |copy_window_2_V_1_2_1_reg_570  |  16|   0|   16|          0|
    |copy_window_2_V_2_0            |  16|   0|   16|          0|
    |copy_window_2_V_2_0_1_reg_575  |  16|   0|   16|          0|
    |copy_window_2_V_2_1            |  16|   0|   16|          0|
    |copy_window_2_V_2_1_1_reg_580  |  16|   0|   16|          0|
    |copy_window_2_V_2_2            |  16|   0|   16|          0|
    |copy_window_2_V_2_2_1_reg_585  |  16|   0|   16|          0|
    |n                              |  32|   0|   32|          0|
    +-------------------------------+----+----+-----+-----------+
    |Total                          | 634|   0|  634|          0|
    +-------------------------------+----+----+-----+-----------+



================================================================
== Interface
================================================================
* Summary: 
+---------------------------+-----+-----+------------+-----------------------+--------------+
|         RTL Ports         | Dir | Bits|  Protocol  |     Source Object     |    C Type    |
+---------------------------+-----+-----+------------+-----------------------+--------------+
|ap_clk                     |  in |    1| ap_ctrl_hs |        hFilter        | return value |
|ap_rst                     |  in |    1| ap_ctrl_hs |        hFilter        | return value |
|ap_start                   |  in |    1| ap_ctrl_hs |        hFilter        | return value |
|ap_done                    | out |    1| ap_ctrl_hs |        hFilter        | return value |
|ap_idle                    | out |    1| ap_ctrl_hs |        hFilter        | return value |
|ap_ready                   | out |    1| ap_ctrl_hs |        hFilter        | return value |
|In_Pixel_data_v_V          |  in |   16|   ap_none  |   In_Pixel_data_v_V   |    scalar    |
|In_Pixel_data_gray_V       |  in |   11|   ap_none  |  In_Pixel_data_gray_V |    scalar    |
|In_Pixel_user_V            |  in |    1|   ap_none  |    In_Pixel_user_V    |    scalar    |
|In_Pixel_last_V            |  in |    1|   ap_none  |    In_Pixel_last_V    |    scalar    |
|Out_Image_data_v_V         | out |   16|   ap_vld   |   Out_Image_data_v_V  |    pointer   |
|Out_Image_data_v_V_ap_vld  | out |    1|   ap_vld   |   Out_Image_data_v_V  |    pointer   |
|Out_Image_data_gray_V      |  in |   11|   ap_none  | Out_Image_data_gray_V |    pointer   |
|Out_Image_user_V           |  in |    1|   ap_none  |    Out_Image_user_V   |    pointer   |
|Out_Image_last_V           |  in |    1|   ap_none  |    Out_Image_last_V   |    pointer   |
+---------------------------+-----+-----+------------+-----------------------+--------------+

