

================================================================
== Vivado HLS Report for 'hFilter'
================================================================
* Date:           Thu Mar 19 23:32:42 2020

* Version:        2017.2 (Build 1909853 on Thu Jun 15 18:55:24 MDT 2017)
* Project:        Median_Opt2
* Solution:       solution2
* Product family: zynq
* Target device:  xc7z020clg400-1


================================================================
== Performance Estimates
================================================================
+ Timing (ns): 
    * Summary: 
    +--------+-------+----------+------------+
    |  Clock | Target| Estimated| Uncertainty|
    +--------+-------+----------+------------+
    |ap_clk  |   8.00|      6.91|        1.00|
    +--------+-------+----------+------------+

+ Latency (clock cycles): 
    * Summary: 
    +-----+-----+-----+-----+---------+
    |  Latency  |  Interval | Pipeline|
    | min | max | min | max |   Type  |
    +-----+-----+-----+-----+---------+
    |  113|  153|  114|  154|   none  |
    +-----+-----+-----+-----+---------+

    + Detail: 
        * Instance: 
        +---------------------------+----------------+-----+-----+-----+-----+---------+
        |                           |                |  Latency  |  Interval | Pipeline|
        |          Instance         |     Module     | min | max | min | max |   Type  |
        +---------------------------+----------------+-----+-----+-----+-----+---------+
        |grp_updateWindow_fu_81     |updateWindow    |    1|   41|    1|   41|   none  |
        |grp_sortWindow_fu_94       |sortWindow      |   31|   31|   31|   31|   none  |
        |grp_findDiffWindow_fu_100  |findDiffWindow  |   34|   34|   34|   34|   none  |
        +---------------------------+----------------+-----+-----+-----+-----+---------+

        * Loop: 
        N/A



================================================================
== Utilization Estimates
================================================================
* Summary: 
+-----------------+---------+-------+--------+-------+
|       Name      | BRAM_18K| DSP48E|   FF   |  LUT  |
+-----------------+---------+-------+--------+-------+
|DSP              |        -|      -|       -|      -|
|Expression       |        -|      -|     293|    623|
|FIFO             |        -|      -|       -|      -|
|Instance         |        1|      8|    4241|   3018|
|Memory           |        2|      -|      32|      3|
|Multiplexer      |        -|      -|       -|    302|
|Register         |        -|      -|     345|      -|
+-----------------+---------+-------+--------+-------+
|Total            |        3|      8|    4911|   3946|
+-----------------+---------+-------+--------+-------+
|Available        |      280|    220|  106400|  53200|
+-----------------+---------+-------+--------+-------+
|Utilization (%)  |        1|      3|       4|      7|
+-----------------+---------+-------+--------+-------+

+ Detail: 
    * Instance: 
    +---------------------------+----------------+---------+-------+------+------+
    |          Instance         |     Module     | BRAM_18K| DSP48E|  FF  |  LUT |
    +---------------------------+----------------+---------+-------+------+------+
    |grp_findDiffWindow_fu_100  |findDiffWindow  |        0|      0|   207|   155|
    |grp_sortWindow_fu_94       |sortWindow      |        0|      0|  1039|   905|
    |grp_updateWindow_fu_81     |updateWindow    |        1|      8|  2995|  1958|
    +---------------------------+----------------+---------+-------+------+------+
    |Total                      |                |        1|      8|  4241|  3018|
    +---------------------------+----------------+---------+-------+------+------+

    * DSP48: 
    N/A

    * Memory: 
    +-------------------+----------------------+---------+----+----+------+-----+------+-------------+
    |       Memory      |        Module        | BRAM_18K| FF | LUT| Words| Bits| Banks| W*Bits*Banks|
    +-------------------+----------------------+---------+----+----+------+-----+------+-------------+
    |copy_window_1_V_U  |hFilter_copy_windfYi  |        1|   0|   0|     9|   16|     1|          144|
    |diff_window_V_U    |hFilter_diff_windhbi  |        0|  32|   3|     9|   16|     1|          144|
    |copy_window_2_V_U  |updateWindow_Windbkb  |        1|   0|   0|     9|   16|     1|          144|
    +-------------------+----------------------+---------+----+----+------+-----+------+-------------+
    |Total              |                      |        2|  32|   3|    27|   48|     3|          432|
    +-------------------+----------------------+---------+----+----+------+-----+------+-------------+

    * FIFO: 
    N/A

    * Expression: 
    +---------------------------------+----------+-------+-----+----+------------+------------+
    |          Variable Name          | Operation| DSP48E|  FF | LUT| Bitwidth P0| Bitwidth P1|
    +---------------------------------+----------+-------+-----+----+------------+------------+
    |r_V_fu_480_p2                    |     +    |      0|   86|  32|          27|          27|
    |tmp_fu_335_p2                    |     +    |      0|  101|  37|          32|           1|
    |p_Val2_5_i_i_fu_450_p2           |     -    |      0|   53|  21|          16|          16|
    |p_Val2_6_i_i_fu_454_p2           |     -    |      0|   53|  21|          16|          16|
    |grp_fu_144_p2                    |   icmp   |      0|    0|   8|          16|          16|
    |grp_fu_158_p2                    |   icmp   |      0|    0|   8|          16|          16|
    |grp_fu_172_p2                    |   icmp   |      0|    0|   8|          16|          16|
    |grp_fu_222_p2                    |   icmp   |      0|    0|   8|          16|          16|
    |grp_fu_236_p2                    |   icmp   |      0|    0|   8|          16|          16|
    |grp_fu_250_p2                    |   icmp   |      0|    0|   8|          16|          16|
    |grp_fu_276_p2                    |   icmp   |      0|    0|   8|          16|          16|
    |grp_fu_290_p2                    |   icmp   |      0|    0|   8|          16|          16|
    |grp_fu_296_p2                    |   icmp   |      0|    0|   8|          16|          16|
    |grp_fu_306_p2                    |   icmp   |      0|    0|   8|          16|          16|
    |grp_fu_312_p2                    |   icmp   |      0|    0|   8|          16|          16|
    |grp_fu_318_p2                    |   icmp   |      0|    0|   8|          16|          16|
    |grp_fu_324_p2                    |   icmp   |      0|    0|   8|          16|          16|
    |tmp_7_i_i_fu_506_p2              |   icmp   |      0|    0|  16|          27|          27|
    |tmp_i_i_6_fu_446_p2              |   icmp   |      0|    0|   8|          16|          16|
    |Input_1_V_Input_2_V_1_fu_401_p3  |  select  |      0|    0|  16|           1|          16|
    |Input_1_V_Input_2_V_s_fu_355_p3  |  select  |      0|    0|  16|           1|          16|
    |Med_V_2_Input_3_V_i_1_fu_409_p3  |  select  |      0|    0|  16|           1|          16|
    |Med_V_2_Input_3_V_i_s_fu_363_p3  |  select  |      0|    0|  16|           1|          16|
    |Med_V_5_Input_2_V_i_1_fu_423_p3  |  select  |      0|    0|  16|           1|          16|
    |Med_V_5_Input_2_V_i_s_fu_377_p3  |  select  |      0|    0|  16|           1|          16|
    |Med_V_5_Input_3_V_i_1_fu_431_p3  |  select  |      0|    0|  16|           1|          16|
    |Med_V_5_Input_3_V_i_s_fu_385_p3  |  select  |      0|    0|  16|           1|          16|
    |Med_V_5_i_i1_fu_417_p3           |  select  |      0|    0|  16|           1|          16|
    |Med_V_5_i_i_fu_371_p3            |  select  |      0|    0|  16|           1|          16|
    |Out_Image_data_v_V               |  select  |      0|    0|  16|           1|          16|
    |grp_fu_150_p3                    |  select  |      0|    0|  16|           1|          16|
    |grp_fu_164_p3                    |  select  |      0|    0|  16|           1|          16|
    |grp_fu_178_p3                    |  select  |      0|    0|  16|           1|          16|
    |grp_fu_186_p3                    |  select  |      0|    0|  16|           1|          16|
    |grp_fu_228_p3                    |  select  |      0|    0|  16|           1|          16|
    |grp_fu_242_p3                    |  select  |      0|    0|  16|           1|          16|
    |grp_fu_256_p3                    |  select  |      0|    0|  16|           1|          16|
    |grp_fu_282_p3                    |  select  |      0|    0|  16|           1|          16|
    |median_2_V_fu_438_p3             |  select  |      0|    0|  16|           1|          16|
    |p_Val2_s_fu_392_p3               |  select  |      0|    0|  16|           1|          16|
    |storemerge_fu_341_p3             |  select  |      0|    0|  32|           1|           1|
    |tmp_s_fu_486_p3                  |  select  |      0|    0|  16|           1|          16|
    +---------------------------------+----------+-------+-----+----+------------+------------+
    |Total                            |          |      0|  293| 623|         365|         664|
    +---------------------------------+----------+-------+-----+----+------------+------------+

    * Multiplexer: 
    +----------------------------------------+----+-----------+-----+-----------+
    |                  Name                  | LUT| Input Size| Bits| Total Bits|
    +----------------------------------------+----+-----------+-----+-----------+
    |ap_NS_fsm                               |  89|         18|    1|         18|
    |copy_window_1_V_address0                |  15|          3|    4|         12|
    |copy_window_1_V_address1                |  15|          3|    4|         12|
    |copy_window_1_V_ce0                     |  15|          3|    1|          3|
    |copy_window_1_V_ce1                     |  15|          3|    1|          3|
    |copy_window_1_V_we0                     |   9|          2|    1|          2|
    |copy_window_1_V_we1                     |   9|          2|    1|          2|
    |copy_window_2_V_address0                |  15|          3|    4|         12|
    |copy_window_2_V_ce0                     |  15|          3|    1|          3|
    |copy_window_2_V_ce1                     |   9|          2|    1|          2|
    |copy_window_2_V_we0                     |   9|          2|    1|          2|
    |copy_window_2_V_we1                     |   9|          2|    1|          2|
    |diff_window_V_address0                  |  15|          3|    4|         12|
    |diff_window_V_ce0                       |  15|          3|    1|          3|
    |diff_window_V_ce1                       |   9|          2|    1|          2|
    |diff_window_V_we0                       |   9|          2|    1|          2|
    |grp_sortWindow_fu_94_Input_Window_V_q0  |  15|          3|   16|         48|
    |grp_sortWindow_fu_94_Input_Window_V_q1  |  15|          3|   16|         48|
    +----------------------------------------+----+-----------+-----+-----------+
    |Total                                   | 302|         62|   60|        188|
    +----------------------------------------+----+-----------+-----+-----------+

    * Register: 
    +-------------------------------------------+----+----+-----+-----------+
    |                    Name                   | FF | LUT| Bits| Const Bits|
    +-------------------------------------------+----+----+-----+-----------+
    |Med_V_2_Input_3_V_i_1_reg_565              |  16|   0|   16|          0|
    |Med_V_2_Input_3_V_i_s_reg_541              |  16|   0|   16|          0|
    |ap_CS_fsm                                  |  17|   0|   17|          0|
    |ap_reg_grp_findDiffWindow_fu_100_ap_start  |   1|   0|    1|          0|
    |ap_reg_grp_sortWindow_fu_94_ap_start       |   1|   0|    1|          0|
    |ap_reg_grp_updateWindow_fu_81_ap_start     |   1|   0|    1|          0|
    |center_V_reg_528                           |  16|   0|   16|          0|
    |median_2_V_reg_575                         |  16|   0|   16|          0|
    |n                                          |  32|   0|   32|          0|
    |p_Val2_s_reg_551                           |  16|   0|   16|          0|
    |reg_194                                    |  16|   0|   16|          0|
    |reg_198                                    |  16|   0|   16|          0|
    |reg_202                                    |  16|   0|   16|          0|
    |reg_206                                    |  16|   0|   16|          0|
    |reg_210                                    |  16|   0|   16|          0|
    |reg_214                                    |  16|   0|   16|          0|
    |reg_218                                    |  16|   0|   16|          0|
    |reg_264                                    |  16|   0|   16|          0|
    |reg_268                                    |  16|   0|   16|          0|
    |reg_272                                    |  16|   0|   16|          0|
    |reg_302                                    |  16|   0|   16|          0|
    |tmp_4_i_i1_reg_570                         |   1|   0|    1|          0|
    |tmp_4_i_i_reg_546                          |   1|   0|    1|          0|
    |tmp_7_i_i_reg_581                          |   1|   0|    1|          0|
    |tmp_i_i2_reg_536                           |   1|   0|    1|          0|
    |tmp_i_i_reg_560                            |   1|   0|    1|          0|
    |x_reg_523                                  |  32|   0|   32|          0|
    +-------------------------------------------+----+----+-----+-----------+
    |Total                                      | 345|   0|  345|          0|
    +-------------------------------------------+----+----+-----+-----------+



================================================================
== Interface
================================================================
* Summary: 
+---------------------------+-----+-----+------------+-----------------------+--------------+
|         RTL Ports         | Dir | Bits|  Protocol  |     Source Object     |    C Type    |
+---------------------------+-----+-----+------------+-----------------------+--------------+
|ap_clk                     |  in |    1| ap_ctrl_hs |        hFilter        | return value |
|ap_rst                     |  in |    1| ap_ctrl_hs |        hFilter        | return value |
|ap_start                   |  in |    1| ap_ctrl_hs |        hFilter        | return value |
|ap_done                    | out |    1| ap_ctrl_hs |        hFilter        | return value |
|ap_idle                    | out |    1| ap_ctrl_hs |        hFilter        | return value |
|ap_ready                   | out |    1| ap_ctrl_hs |        hFilter        | return value |
|In_Pixel_data_v_V          |  in |   16|   ap_none  |   In_Pixel_data_v_V   |    scalar    |
|In_Pixel_data_gray_V       |  in |   11|   ap_none  |  In_Pixel_data_gray_V |    scalar    |
|In_Pixel_user_V            |  in |    1|   ap_none  |    In_Pixel_user_V    |    scalar    |
|In_Pixel_last_V            |  in |    1|   ap_none  |    In_Pixel_last_V    |    scalar    |
|Out_Image_data_v_V         | out |   16|   ap_vld   |   Out_Image_data_v_V  |    pointer   |
|Out_Image_data_v_V_ap_vld  | out |    1|   ap_vld   |   Out_Image_data_v_V  |    pointer   |
|Out_Image_data_gray_V      |  in |   11|   ap_none  | Out_Image_data_gray_V |    pointer   |
|Out_Image_user_V           |  in |    1|   ap_none  |    Out_Image_user_V   |    pointer   |
|Out_Image_last_V           |  in |    1|   ap_none  |    Out_Image_last_V   |    pointer   |
+---------------------------+-----+-----+------------+-----------------------+--------------+

