

================================================================
== Vivado HLS Report for 'hFilter'
================================================================
* Date:           Thu Mar 19 23:15:18 2020

* Version:        2017.2 (Build 1909853 on Thu Jun 15 18:55:24 MDT 2017)
* Project:        Median_Opt2
* Solution:       solution2
* Product family: zynq
* Target device:  xc7z020clg400-1


================================================================
== Performance Estimates
================================================================
+ Timing (ns): 
    * Summary: 
    +--------+-------+----------+------------+
    |  Clock | Target| Estimated| Uncertainty|
    +--------+-------+----------+------------+
    |ap_clk  |   8.00|      6.78|        1.00|
    +--------+-------+----------+------------+

+ Latency (clock cycles): 
    * Summary: 
    +-----+-----+-----+-----+---------+
    |  Latency  |  Interval | Pipeline|
    | min | max | min | max |   Type  |
    +-----+-----+-----+-----+---------+
    |  113|  116|  114|  117|   none  |
    +-----+-----+-----+-----+---------+

    + Detail: 
        * Instance: 
        +---------------------------+----------------+-----+-----+-----+-----+---------+
        |                           |                |  Latency  |  Interval | Pipeline|
        |          Instance         |     Module     | min | max | min | max |   Type  |
        +---------------------------+----------------+-----+-----+-----+-----+---------+
        |grp_sortWindow_fu_87       |sortWindow      |   31|   31|   31|   31|   none  |
        |grp_updateWindow_fu_93     |updateWindow    |    1|    4|    1|    4|   none  |
        |grp_findDiffWindow_fu_112  |findDiffWindow  |   34|   34|   34|   34|   none  |
        +---------------------------+----------------+-----+-----+-----+-----+---------+

        * Loop: 
        N/A



================================================================
== Utilization Estimates
================================================================
* Summary: 
+-----------------+---------+-------+--------+-------+
|       Name      | BRAM_18K| DSP48E|   FF   |  LUT  |
+-----------------+---------+-------+--------+-------+
|DSP              |        -|      -|       -|      -|
|Expression       |        -|      -|     293|    623|
|FIFO             |        -|      -|       -|      -|
|Instance         |        4|      -|    1294|   1427|
|Memory           |        2|      -|      32|      3|
|Multiplexer      |        -|      -|       -|    302|
|Register         |        -|      -|     345|      -|
+-----------------+---------+-------+--------+-------+
|Total            |        6|      0|    1964|   2355|
+-----------------+---------+-------+--------+-------+
|Available        |      280|    220|  106400|  53200|
+-----------------+---------+-------+--------+-------+
|Utilization (%)  |        2|      0|       1|      4|
+-----------------+---------+-------+--------+-------+

+ Detail: 
    * Instance: 
    +---------------------------+----------------+---------+-------+------+-----+
    |          Instance         |     Module     | BRAM_18K| DSP48E|  FF  | LUT |
    +---------------------------+----------------+---------+-------+------+-----+
    |grp_findDiffWindow_fu_112  |findDiffWindow  |        0|      0|   207|  155|
    |grp_sortWindow_fu_87       |sortWindow      |        0|      0|  1039|  905|
    |grp_updateWindow_fu_93     |updateWindow    |        4|      0|    48|  367|
    +---------------------------+----------------+---------+-------+------+-----+
    |Total                      |                |        4|      0|  1294| 1427|
    +---------------------------+----------------+---------+-------+------+-----+

    * DSP48: 
    N/A

    * Memory: 
    +-------------------+----------------------+---------+----+----+------+-----+------+-------------+
    |       Memory      |        Module        | BRAM_18K| FF | LUT| Words| Bits| Banks| W*Bits*Banks|
    +-------------------+----------------------+---------+----+----+------+-----+------+-------------+
    |copy_window_1_V_U  |hFilter_copy_windfYi  |        1|   0|   0|     9|   16|     1|          144|
    |diff_window_V_U    |hFilter_diff_windhbi  |        0|  32|   3|     9|   16|     1|          144|
    |copy_window_2_V_U  |updateWindow_WinddEe  |        1|   0|   0|     9|   16|     1|          144|
    +-------------------+----------------------+---------+----+----+------+-----+------+-------------+
    |Total              |                      |        2|  32|   3|    27|   48|     3|          432|
    +-------------------+----------------------+---------+----+----+------+-----+------+-------------+

    * FIFO: 
    N/A

    * Expression: 
    +---------------------------------+----------+-------+-----+----+------------+------------+
    |          Variable Name          | Operation| DSP48E|  FF | LUT| Bitwidth P0| Bitwidth P1|
    +---------------------------------+----------+-------+-----+----+------------+------------+
    |r_V_fu_492_p2                    |     +    |      0|   86|  32|          27|          27|
    |tmp_fu_347_p2                    |     +    |      0|  101|  37|          32|           1|
    |p_Val2_5_i_i_fu_462_p2           |     -    |      0|   53|  21|          16|          16|
    |p_Val2_6_i_i_fu_466_p2           |     -    |      0|   53|  21|          16|          16|
    |grp_fu_156_p2                    |   icmp   |      0|    0|   8|          16|          16|
    |grp_fu_170_p2                    |   icmp   |      0|    0|   8|          16|          16|
    |grp_fu_184_p2                    |   icmp   |      0|    0|   8|          16|          16|
    |grp_fu_234_p2                    |   icmp   |      0|    0|   8|          16|          16|
    |grp_fu_248_p2                    |   icmp   |      0|    0|   8|          16|          16|
    |grp_fu_262_p2                    |   icmp   |      0|    0|   8|          16|          16|
    |grp_fu_288_p2                    |   icmp   |      0|    0|   8|          16|          16|
    |grp_fu_302_p2                    |   icmp   |      0|    0|   8|          16|          16|
    |grp_fu_308_p2                    |   icmp   |      0|    0|   8|          16|          16|
    |grp_fu_318_p2                    |   icmp   |      0|    0|   8|          16|          16|
    |grp_fu_324_p2                    |   icmp   |      0|    0|   8|          16|          16|
    |grp_fu_330_p2                    |   icmp   |      0|    0|   8|          16|          16|
    |grp_fu_336_p2                    |   icmp   |      0|    0|   8|          16|          16|
    |tmp_6_i_i_fu_518_p2              |   icmp   |      0|    0|  16|          27|          27|
    |tmp_i_i_4_fu_458_p2              |   icmp   |      0|    0|   8|          16|          16|
    |Input_1_V_Input_2_V_1_fu_413_p3  |  select  |      0|    0|  16|           1|          16|
    |Input_1_V_Input_2_V_s_fu_367_p3  |  select  |      0|    0|  16|           1|          16|
    |Med_V_2_Input_3_V_i_1_fu_421_p3  |  select  |      0|    0|  16|           1|          16|
    |Med_V_2_Input_3_V_i_s_fu_375_p3  |  select  |      0|    0|  16|           1|          16|
    |Med_V_5_Input_2_V_i_1_fu_435_p3  |  select  |      0|    0|  16|           1|          16|
    |Med_V_5_Input_2_V_i_s_fu_389_p3  |  select  |      0|    0|  16|           1|          16|
    |Med_V_5_Input_3_V_i_1_fu_443_p3  |  select  |      0|    0|  16|           1|          16|
    |Med_V_5_Input_3_V_i_s_fu_397_p3  |  select  |      0|    0|  16|           1|          16|
    |Med_V_5_i_i1_fu_429_p3           |  select  |      0|    0|  16|           1|          16|
    |Med_V_5_i_i_fu_383_p3            |  select  |      0|    0|  16|           1|          16|
    |Out_Image_data_v_V               |  select  |      0|    0|  16|           1|          16|
    |grp_fu_162_p3                    |  select  |      0|    0|  16|           1|          16|
    |grp_fu_176_p3                    |  select  |      0|    0|  16|           1|          16|
    |grp_fu_190_p3                    |  select  |      0|    0|  16|           1|          16|
    |grp_fu_198_p3                    |  select  |      0|    0|  16|           1|          16|
    |grp_fu_240_p3                    |  select  |      0|    0|  16|           1|          16|
    |grp_fu_254_p3                    |  select  |      0|    0|  16|           1|          16|
    |grp_fu_268_p3                    |  select  |      0|    0|  16|           1|          16|
    |grp_fu_294_p3                    |  select  |      0|    0|  16|           1|          16|
    |median_2_V_fu_450_p3             |  select  |      0|    0|  16|           1|          16|
    |p_Val2_s_fu_404_p3               |  select  |      0|    0|  16|           1|          16|
    |storemerge_fu_353_p3             |  select  |      0|    0|  32|           1|           1|
    |tmp_s_fu_498_p3                  |  select  |      0|    0|  16|           1|          16|
    +---------------------------------+----------+-------+-----+----+------------+------------+
    |Total                            |          |      0|  293| 623|         365|         664|
    +---------------------------------+----------+-------+-----+----+------------+------------+

    * Multiplexer: 
    +----------------------------------------+----+-----------+-----+-----------+
    |                  Name                  | LUT| Input Size| Bits| Total Bits|
    +----------------------------------------+----+-----------+-----+-----------+
    |ap_NS_fsm                               |  89|         18|    1|         18|
    |copy_window_1_V_address0                |  15|          3|    4|         12|
    |copy_window_1_V_address1                |  15|          3|    4|         12|
    |copy_window_1_V_ce0                     |  15|          3|    1|          3|
    |copy_window_1_V_ce1                     |  15|          3|    1|          3|
    |copy_window_1_V_we0                     |   9|          2|    1|          2|
    |copy_window_1_V_we1                     |   9|          2|    1|          2|
    |copy_window_2_V_address0                |  15|          3|    4|         12|
    |copy_window_2_V_ce0                     |  15|          3|    1|          3|
    |copy_window_2_V_ce1                     |   9|          2|    1|          2|
    |copy_window_2_V_we0                     |   9|          2|    1|          2|
    |copy_window_2_V_we1                     |   9|          2|    1|          2|
    |diff_window_V_address0                  |  15|          3|    4|         12|
    |diff_window_V_ce0                       |  15|          3|    1|          3|
    |diff_window_V_ce1                       |   9|          2|    1|          2|
    |diff_window_V_we0                       |   9|          2|    1|          2|
    |grp_sortWindow_fu_87_Input_Window_V_q0  |  15|          3|   16|         48|
    |grp_sortWindow_fu_87_Input_Window_V_q1  |  15|          3|   16|         48|
    +----------------------------------------+----+-----------+-----+-----------+
    |Total                                   | 302|         62|   60|        188|
    +----------------------------------------+----+-----------+-----+-----------+

    * Register: 
    +-------------------------------------------+----+----+-----+-----------+
    |                    Name                   | FF | LUT| Bits| Const Bits|
    +-------------------------------------------+----+----+-----+-----------+
    |Med_V_2_Input_3_V_i_1_reg_577              |  16|   0|   16|          0|
    |Med_V_2_Input_3_V_i_s_reg_553              |  16|   0|   16|          0|
    |ap_CS_fsm                                  |  17|   0|   17|          0|
    |ap_reg_grp_findDiffWindow_fu_112_ap_start  |   1|   0|    1|          0|
    |ap_reg_grp_sortWindow_fu_87_ap_start       |   1|   0|    1|          0|
    |ap_reg_grp_updateWindow_fu_93_ap_start     |   1|   0|    1|          0|
    |center_V_reg_540                           |  16|   0|   16|          0|
    |median_2_V_reg_587                         |  16|   0|   16|          0|
    |n                                          |  32|   0|   32|          0|
    |p_Val2_s_reg_563                           |  16|   0|   16|          0|
    |reg_206                                    |  16|   0|   16|          0|
    |reg_210                                    |  16|   0|   16|          0|
    |reg_214                                    |  16|   0|   16|          0|
    |reg_218                                    |  16|   0|   16|          0|
    |reg_222                                    |  16|   0|   16|          0|
    |reg_226                                    |  16|   0|   16|          0|
    |reg_230                                    |  16|   0|   16|          0|
    |reg_276                                    |  16|   0|   16|          0|
    |reg_280                                    |  16|   0|   16|          0|
    |reg_284                                    |  16|   0|   16|          0|
    |reg_314                                    |  16|   0|   16|          0|
    |tmp_3_i_i1_reg_582                         |   1|   0|    1|          0|
    |tmp_3_i_i_reg_558                          |   1|   0|    1|          0|
    |tmp_6_i_i_reg_593                          |   1|   0|    1|          0|
    |tmp_9_i_i1_reg_572                         |   1|   0|    1|          0|
    |tmp_9_i_i_reg_548                          |   1|   0|    1|          0|
    |x_reg_535                                  |  32|   0|   32|          0|
    +-------------------------------------------+----+----+-----+-----------+
    |Total                                      | 345|   0|  345|          0|
    +-------------------------------------------+----+----+-----+-----------+



================================================================
== Interface
================================================================
* Summary: 
+---------------------------+-----+-----+------------+-----------------------+--------------+
|         RTL Ports         | Dir | Bits|  Protocol  |     Source Object     |    C Type    |
+---------------------------+-----+-----+------------+-----------------------+--------------+
|ap_clk                     |  in |    1| ap_ctrl_hs |        hFilter        | return value |
|ap_rst                     |  in |    1| ap_ctrl_hs |        hFilter        | return value |
|ap_start                   |  in |    1| ap_ctrl_hs |        hFilter        | return value |
|ap_done                    | out |    1| ap_ctrl_hs |        hFilter        | return value |
|ap_idle                    | out |    1| ap_ctrl_hs |        hFilter        | return value |
|ap_ready                   | out |    1| ap_ctrl_hs |        hFilter        | return value |
|In_Pixel_data_v_V          |  in |   16|   ap_none  |   In_Pixel_data_v_V   |    scalar    |
|In_Pixel_data_gray_V       |  in |   11|   ap_none  |  In_Pixel_data_gray_V |    scalar    |
|In_Pixel_user_V            |  in |    1|   ap_none  |    In_Pixel_user_V    |    scalar    |
|In_Pixel_last_V            |  in |    1|   ap_none  |    In_Pixel_last_V    |    scalar    |
|Out_Image_data_v_V         | out |   16|   ap_vld   |   Out_Image_data_v_V  |    pointer   |
|Out_Image_data_v_V_ap_vld  | out |    1|   ap_vld   |   Out_Image_data_v_V  |    pointer   |
|Out_Image_data_gray_V      |  in |   11|   ap_none  | Out_Image_data_gray_V |    pointer   |
|Out_Image_user_V           |  in |    1|   ap_none  |    Out_Image_user_V   |    pointer   |
|Out_Image_last_V           |  in |    1|   ap_none  |    Out_Image_last_V   |    pointer   |
+---------------------------+-----+-----+------------+-----------------------+--------------+

